Starting run at: (2025-08-15)  10:51:15

To execute ORCA, run: 
   ${EBROOTORCA}/orca orca.inp > orca.out
--------------------------------------------------------------------------------
                                     INPUT                                      
--------------------------------------------------------------------------------
Slurm Job ID                : 1115139
Slurm Ntasks                : 30
XYZ file                    : C60-Ih.xyz
DFT functional              : B3LYP/G
Basis set                   : def2-SVPD
Initial basis set           : def2-SVPD
Grid                        : DefGrid3
SCF level                   : TightSCF
EV overlap threshold        : 1e-7
Imaginary frequency         : 0.64
Use Symmetry                : true

--------------------------------------------------------------------------------
                                 POLARIZABILITY                                 
--------------------------------------------------------------------------------
Polarizability calculation                        ... done (  497.3 sec)

Diagonalized polarizability tensor (bohr^3):
  a_xx =   197.90278    a_yy =   197.90307    a_zz =   197.90322

Diagonalized polarizability tensor (ang^3):
  a_xx =    29.32662    a_yy =    29.32667    a_zz =    29.32669

Isotropic polarizability:           29.326
Anisotropic polarizability:          0.000

-------------
DIPOLE MOMENT
-------------
                                X                 Y                 Z
Electronic contribution:     -0.000002923       0.000008912      -0.000005425
Nuclear contribution   :     -0.000000000       0.000000000       0.000000000
                        -----------------------------------------
Total Dipole Moment    :     -0.000002923       0.000008912      -0.000005425
                        -----------------------------------------
Magnitude (a.u.)       :      0.000010835
Magnitude (Debye)      :      0.000027541

                                          Detailed output:  POL_c60-Ih_p-007.out
--------------------------------------------------------------------------------
Program finished with exit code 0 at: (2025-08-15)  10:59:33
TOTAL RUN TIME: 0 days 0 hours 8 minutes 18 seconds 448 msec
