Starting run at: (2025-08-15)  10:42:06

To execute ORCA, run: 
   ${EBROOTORCA}/orca orca.inp > orca.out
--------------------------------------------------------------------------------
                                     INPUT                                      
--------------------------------------------------------------------------------
Slurm Job ID                : 1115073
Slurm Ntasks                : 10
XYZ file                    : pyrene.xyz
DFT functional              : B3LYP/G
Basis set                   : def2-SVPD
Initial basis set           : def2-SVPD
Grid                        : DefGrid3
SCF level                   : TightSCF
EV overlap threshold        : 1e-7
Imaginary frequency         : 2.56
Use Symmetry                : true

--------------------------------------------------------------------------------
                                 POLARIZABILITY                                 
--------------------------------------------------------------------------------
Polarizability calculation                        ... done (   43.6 sec)

Diagonalized polarizability tensor (bohr^3):
  a_xx =     8.66028    a_yy =     9.69707    a_zz =     9.79065

Diagonalized polarizability tensor (ang^3):
  a_xx =     1.28334    a_yy =     1.43698    a_zz =     1.45084

Isotropic polarizability:            1.390
Anisotropic polarizability:          0.158

-------------
DIPOLE MOMENT
-------------
                                X                 Y                 Z
Electronic contribution:     -0.000000000       0.000000000      -0.000000000
Nuclear contribution   :      0.000000000       0.000000000       0.000000000
                        -----------------------------------------
Total Dipole Moment    :      0.000000000       0.000000000      -0.000000000
                        -----------------------------------------
Magnitude (a.u.)       :      0.000000000
Magnitude (Debye)      :      0.000000000

                                          Detailed output:  POL_pyrene_p-009.out
--------------------------------------------------------------------------------
Program finished with exit code 0 at: (2025-08-15)  10:42:51
TOTAL RUN TIME: 0 days 0 hours 0 minutes 44 seconds 619 msec
