Mode  7:  266.912 : 0.2 Hg
Mode  8:  266.912 : 0.2 Hg
Mode  9:  266.912 : 0.2 Hg
Mode 10:  266.912 : 0.2 Hg
Mode 11:  266.912 : 0.2 Hg
Mode 12:  346.756 : 0.33 T2u
Mode 13:  346.756 : 0.33 T2u
Mode 14:  346.756 : 0.33 T2u
Mode 15:  360.067 : 0.25 Gu
Mode 16:  360.067 : 0.25 Gu
Mode 17:  360.067 : 0.25 Gu
Mode 18:  360.067 : 0.25 Gu
Mode 19:  410.056 : 0.2 Hu
Mode 20:  410.056 : 0.2 Hu
Mode 21:  410.056 : 0.2 Hu
Mode 22:  410.056 : 0.2 Hu
Mode 23:  410.056 : 0.2 Hu
Mode 24:  442.653 : 0.2 Hg
Mode 25:  442.653 : 0.2 Hg
Mode 26:  442.653 : 0.2 Hg
Mode 27:  442.653 : 0.2 Hg
Mode 28:  442.653 : 0.2 Hg
Mode 29:  494.642 : 0.25 Gg
Mode 30:  494.642 : 0.25 Gg
Mode 31:  494.642 : 0.25 Gg
Mode 32:  494.642 : 0.25 Gg
Mode 33:  497.380 : Ag
Mode 34:  548.049 : 0.2 Hu
Mode 35:  548.049 : 0.2 Hu
Mode 36:  548.049 : 0.2 Hu
Mode 37:  548.049 : 0.2 Hu
Mode 38:  548.049 : 0.2 Hu
Mode 39:  549.790 : 0.33 T1u
Mode 40:  549.790 : 0.33 T1u
Mode 41:  549.790 : 0.33 T1u
Mode 42:  570.942 : 0.33 T2g
Mode 43:  570.942 : 0.33 T2g
Mode 44:  570.942 : 0.33 T2g
Mode 45:  580.764 : 0.25 Gg
Mode 46:  580.764 : 0.25 Gg
Mode 47:  580.764 : 0.25 Gg
Mode 48:  580.764 : 0.25 Gg
Mode 49:  586.304 : 0.33 T1g
Mode 50:  586.304 : 0.33 T1g
Mode 51:  586.304 : 0.33 T1g
Mode 52:  588.635 : 0.33 T1u
Mode 53:  588.635 : 0.33 T1u
Mode 54:  588.635 : 0.33 T1u
Mode 55:  686.755 : 0.2 Hu
Mode 56:  686.755 : 0.2 Hu
Mode 57:  686.755 : 0.2 Hu
Mode 58:  686.755 : 0.2 Hu
Mode 59:  686.755 : 0.2 Hu
Mode 60:  734.768 : 0.2 Hg
Mode 61:  734.768 : 0.2 Hg
Mode 62:  734.768 : 0.2 Hg
Mode 63:  734.768 : 0.2 Hg
Mode 64:  734.768 : 0.2 Hg
Mode 65:  740.854 : 0.33 T2u
Mode 66:  740.854 : 0.33 T2u
Mode 67:  740.854 : 0.33 T2u
Mode 68:  762.133 : 0.33 T2g
Mode 69:  762.133 : 0.33 T2g
Mode 70:  762.133 : 0.33 T2g
Mode 71:  762.233 : 0.2 Hu
Mode 72:  762.233 : 0.2 Hu
Mode 73:  762.233 : 0.2 Hu
Mode 74:  762.233 : 0.2 Hu
Mode 75:  762.233 : 0.2 Hu
Mode 76:  768.673 : 0.25 Gu
Mode 77:  768.673 : 0.25 Gu
Mode 78:  768.673 : 0.25 Gu
Mode 79:  768.673 : 0.25 Gu
Mode 80:  782.162 : 0.25 Gg
Mode 81:  782.162 : 0.25 Gg
Mode 82:  782.162 : 0.25 Gg
Mode 83:  782.162 : 0.25 Gg
Mode 84:  787.148 : 0.25 Gu
Mode 85:  787.148 : 0.25 Gu
Mode 86:  787.148 : 0.25 Gu
Mode 87:  787.148 : 0.25 Gu
Mode 88:  787.572 : 0.2 Hg
Mode 89:  787.572 : 0.2 Hg
Mode 90:  787.572 : 0.2 Hg
Mode 91:  787.572 : 0.2 Hg
Mode 92:  787.572 : 0.2 Hg
Mode 93:  814.582 : 0.33 T2g
Mode 94:  814.582 : 0.33 T2g
Mode 95:  814.582 : 0.33 T2g
Mode 96:  852.173 : 0.33 T1g
Mode 97:  852.173 : 0.33 T1g
Mode 98:  852.173 : 0.33 T1g
Mode 99:  975.462 : 0.33 T2u
Mode 100:  975.462 : 0.33 T2u
Mode 101:  975.462 : 0.33 T2u
Mode 102:  980.575 : 0.25 Gu
Mode 103:  980.575 : 0.25 Gu
Mode 104:  980.575 : 0.25 Gu
Mode 105:  980.575 : 0.25 Gu
Mode 106:  984.537 : Au
Mode 107: 1084.811 : 0.25 Gg
Mode 108: 1084.811 : 0.25 Gg
Mode 109: 1084.811 : 0.25 Gg
Mode 110: 1084.811 : 0.25 Gg
Mode 111: 1124.773 : 0.2 Hg
Mode 112: 1124.773 : 0.2 Hg
Mode 113: 1124.773 : 0.2 Hg
Mode 114: 1124.773 : 0.2 Hg
Mode 115: 1124.773 : 0.2 Hg
Mode 116: 1191.076 : 0.33 T2u
Mode 117: 1191.076 : 0.33 T2u
Mode 118: 1191.076 : 0.33 T2u
Mode 119: 1207.404 : 0.33 T1u
Mode 120: 1207.404 : 0.33 T1u
Mode 121: 1207.404 : 0.33 T1u
Mode 122: 1239.467 : 0.2 Hu
Mode 123: 1239.467 : 0.2 Hu
Mode 124: 1239.467 : 0.2 Hu
Mode 125: 1239.467 : 0.2 Hu
Mode 126: 1239.467 : 0.2 Hu
Mode 127: 1263.091 : 0.2 Hg
Mode 128: 1263.091 : 0.2 Hg
Mode 129: 1263.091 : 0.2 Hg
Mode 130: 1263.091 : 0.2 Hg
Mode 131: 1263.091 : 0.2 Hg
Mode 132: 1299.123 : 0.33 T1g
Mode 133: 1299.123 : 0.33 T1g
Mode 134: 1299.123 : 0.33 T1g
Mode 135: 1322.434 : 0.25 Gu
Mode 136: 1322.434 : 0.25 Gu
Mode 137: 1322.434 : 0.25 Gu
Mode 138: 1322.434 : 0.25 Gu
Mode 139: 1330.765 : 0.25 Gg
Mode 140: 1330.765 : 0.25 Gg
Mode 141: 1330.765 : 0.25 Gg
Mode 142: 1330.765 : 0.25 Gg
Mode 143: 1360.055 : 0.33 T2g
Mode 144: 1360.055 : 0.33 T2g
Mode 145: 1360.055 : 0.33 T2g
Mode 146: 1364.060 : 0.2 Hu
Mode 147: 1364.060 : 0.2 Hu
Mode 148: 1364.060 : 0.2 Hu
Mode 149: 1364.060 : 0.2 Hu
Mode 150: 1364.060 : 0.2 Hu
Mode 151: 1439.400 : 0.2 Hg
Mode 152: 1439.400 : 0.2 Hg
Mode 153: 1439.400 : 0.2 Hg
Mode 154: 1439.400 : 0.2 Hg
Mode 155: 1439.400 : 0.2 Hg
Mode 156: 1444.853 : 0.33 T1u
Mode 157: 1444.853 : 0.33 T1u
Mode 158: 1444.853 : 0.33 T1u
Mode 159: 1448.577 : 0.25 Gu
Mode 160: 1448.577 : 0.25 Gu
Mode 161: 1448.577 : 0.25 Gu
Mode 162: 1448.577 : 0.25 Gu
Mode 163: 1489.757 : Ag
Mode 164: 1526.017 : 0.25 Gg
Mode 165: 1526.017 : 0.25 Gg
Mode 166: 1526.017 : 0.25 Gg
Mode 167: 1526.017 : 0.25 Gg
Mode 168: 1557.393 : 0.33 T2u
Mode 169: 1557.393 : 0.33 T2u
Mode 170: 1557.393 : 0.33 T2u
Mode 171: 1596.273 : 0.2 Hu
Mode 172: 1596.273 : 0.2 Hu
Mode 173: 1596.273 : 0.2 Hu
Mode 174: 1596.273 : 0.2 Hu
Mode 175: 1596.273 : 0.2 Hu
Mode 176: 1606.303 : 0.2 Hg
Mode 177: 1606.303 : 0.2 Hg
Mode 178: 1606.303 : 0.2 Hg
Mode 179: 1606.303 : 0.2 Hg
Mode 180: 1606.303 : 0.2 Hg
Total symmetry:  2 Ag + 3 T1g + 4 T2g + 6 Gg + 8 Hg + Au + 4 T1u + 5 T2u + 6 Gu + 7 Hu
