Starting run at: (2025-08-15)  10:42:05

To execute ORCA, run: 
   ${EBROOTORCA}/orca orca.inp > orca.out
--------------------------------------------------------------------------------
                                     INPUT                                      
--------------------------------------------------------------------------------
Slurm Job ID                : 1115067
Slurm Ntasks                : 10
XYZ file                    : pyrene.xyz
DFT functional              : B3LYP/G
Basis set                   : def2-SVPD
Initial basis set           : def2-SVPD
Grid                        : DefGrid3
SCF level                   : TightSCF
EV overlap threshold        : 1e-7
Imaginary frequency         : 0.04
Use Symmetry                : true

--------------------------------------------------------------------------------
                                 POLARIZABILITY                                 
--------------------------------------------------------------------------------
Polarizability calculation                        ... done (   57.7 sec)

Diagonalized polarizability tensor (bohr^3):
  a_xx =    89.94620    a_yy =   208.84151    a_zz =   286.33878

Diagonalized polarizability tensor (ang^3):
  a_xx =    13.32886    a_yy =    30.94760    a_zz =    42.43169

Isotropic polarizability:           28.902
Anisotropic polarizability:         25.389

-------------
DIPOLE MOMENT
-------------
                                X                 Y                 Z
Electronic contribution:     -0.000000000       0.000000000      -0.000000000
Nuclear contribution   :      0.000000000       0.000000000       0.000000000
                        -----------------------------------------
Total Dipole Moment    :      0.000000000       0.000000000      -0.000000000
                        -----------------------------------------
Magnitude (a.u.)       :      0.000000000
Magnitude (Debye)      :      0.000000000

                                          Detailed output:  POL_pyrene_p-003.out
--------------------------------------------------------------------------------
Program finished with exit code 0 at: (2025-08-15)  10:43:03
TOTAL RUN TIME: 0 days 0 hours 0 minutes 58 seconds 621 msec
