Starting run at: (2025-08-15)  10:54:16

To execute ORCA, run: 
   ${EBROOTORCA}/orca orca.inp > orca.out
--------------------------------------------------------------------------------
                                     INPUT                                      
--------------------------------------------------------------------------------
Slurm Job ID                : 1115152
Slurm Ntasks                : 30
XYZ file                    : C60-Ih.xyz
DFT functional              : B3LYP/G
Basis set                   : def2-SVPD
Initial basis set           : def2-SVPD
Grid                        : DefGrid3
SCF level                   : TightSCF
EV overlap threshold        : 1e-7
Imaginary frequency         : 5.12
Use Symmetry                : true

--------------------------------------------------------------------------------
                                 POLARIZABILITY                                 
--------------------------------------------------------------------------------
Polarizability calculation                        ... done (  358.7 sec)

Diagonalized polarizability tensor (bohr^3):
  a_xx =     8.77858    a_yy =     8.77859    a_zz =     8.77859

Diagonalized polarizability tensor (ang^3):
  a_xx =     1.30087    a_yy =     1.30087    a_zz =     1.30087

Isotropic polarizability:            1.300
Anisotropic polarizability:          0.000

-------------
DIPOLE MOMENT
-------------
                                X                 Y                 Z
Electronic contribution:     -0.000002923       0.000008912      -0.000005425
Nuclear contribution   :     -0.000000000       0.000000000       0.000000000
                        -----------------------------------------
Total Dipole Moment    :     -0.000002923       0.000008912      -0.000005425
                        -----------------------------------------
Magnitude (a.u.)       :      0.000010835
Magnitude (Debye)      :      0.000027541

                                          Detailed output:  POL_c60-Ih_p-010.out
--------------------------------------------------------------------------------
Program finished with exit code 0 at: (2025-08-15)  11:00:16
TOTAL RUN TIME: 0 days 0 hours 5 minutes 59 seconds 694 msec
