Starting run at: (2025-08-15)  10:51:13

To execute ORCA, run: 
   ${EBROOTORCA}/orca orca.inp > orca.out
--------------------------------------------------------------------------------
                                     INPUT                                      
--------------------------------------------------------------------------------
Slurm Job ID                : 1115132
Slurm Ntasks                : 30
XYZ file                    : C60-Ih.xyz
DFT functional              : B3LYP/G
Basis set                   : def2-SVPD
Initial basis set           : def2-SVPD
Grid                        : DefGrid3
SCF level                   : TightSCF
EV overlap threshold        : 1e-7
Imaginary frequency         : 0.00
Use Symmetry                : true

--------------------------------------------------------------------------------
                                 POLARIZABILITY                                 
--------------------------------------------------------------------------------
Polarizability calculation                        ... done (  454.0 sec)

Diagonalized polarizability tensor (bohr^3):
  a_xx =   550.35949    a_yy =   550.35988    a_zz =   550.36010

Diagonalized polarizability tensor (ang^3):
  a_xx =    81.55614    a_yy =    81.55620    a_zz =    81.55623

Isotropic polarizability:           81.556
Anisotropic polarizability:          0.000

-------------
DIPOLE MOMENT
-------------
                                X                 Y                 Z
Electronic contribution:     -0.000002923       0.000008912      -0.000005425
Nuclear contribution   :     -0.000000000       0.000000000       0.000000000
                        -----------------------------------------
Total Dipole Moment    :     -0.000002923       0.000008912      -0.000005425
                        -----------------------------------------
Magnitude (a.u.)       :      0.000010835
Magnitude (Debye)      :      0.000027541

                                          Detailed output:  POL_c60-Ih_p-000.out
--------------------------------------------------------------------------------
Program finished with exit code 0 at: (2025-08-15)  10:58:48
TOTAL RUN TIME: 0 days 0 hours 7 minutes 35 seconds 175 msec
