Starting run at: (2025-08-15)  10:45:08

To execute ORCA, run: 
   ${EBROOTORCA}/orca orca.inp > orca.out
--------------------------------------------------------------------------------
                                     INPUT                                      
--------------------------------------------------------------------------------
Slurm Job ID                : 1115100
Slurm Ntasks                : 10
XYZ file                    : pyrene.xyz
DFT functional              : B3LYP/G
Basis set                   : def2-SVPD
Initial basis set           : def2-SVPD
Grid                        : DefGrid3
SCF level                   : TightSCF
EV overlap threshold        : 1e-7
Imaginary frequency         : 20.48
Use Symmetry                : true

--------------------------------------------------------------------------------
                                 POLARIZABILITY                                 
--------------------------------------------------------------------------------
Polarizability calculation                        ... done (   48.1 sec)

Diagonalized polarizability tensor (bohr^3):
  a_xx =     0.19226    a_yy =     0.19456    a_zz =     0.19457

Diagonalized polarizability tensor (ang^3):
  a_xx =     0.02849    a_yy =     0.02883    a_zz =     0.02883

Isotropic polarizability:            0.028
Anisotropic polarizability:          0.000

-------------
DIPOLE MOMENT
-------------
                                X                 Y                 Z
Electronic contribution:     -0.000000000       0.000000000      -0.000000000
Nuclear contribution   :      0.000000000       0.000000000       0.000000000
                        -----------------------------------------
Total Dipole Moment    :      0.000000000       0.000000000      -0.000000000
                        -----------------------------------------
Magnitude (a.u.)       :      0.000000000
Magnitude (Debye)      :      0.000000000

                                          Detailed output:  POL_pyrene_p-012.out
--------------------------------------------------------------------------------
Program finished with exit code 0 at: (2025-08-15)  10:45:57
TOTAL RUN TIME: 0 days 0 hours 0 minutes 49 seconds 108 msec
