Starting run at: (2025-08-15)  10:51:13

To execute ORCA, run: 
   ${EBROOTORCA}/orca orca.inp > orca.out
--------------------------------------------------------------------------------
                                     INPUT                                      
--------------------------------------------------------------------------------
Slurm Job ID                : 1115135
Slurm Ntasks                : 30
XYZ file                    : C60-Ih.xyz
DFT functional              : B3LYP/G
Basis set                   : def2-SVPD
Initial basis set           : def2-SVPD
Grid                        : DefGrid3
SCF level                   : TightSCF
EV overlap threshold        : 1e-7
Imaginary frequency         : 0.04
Use Symmetry                : true

--------------------------------------------------------------------------------
                                 POLARIZABILITY                                 
--------------------------------------------------------------------------------
Polarizability calculation                        ... done (  413.8 sec)

Diagonalized polarizability tensor (bohr^3):
  a_xx =   540.45424    a_yy =   540.45433    a_zz =   540.45477

Diagonalized polarizability tensor (ang^3):
  a_xx =    80.08831    a_yy =    80.08833    a_zz =    80.08839

Isotropic polarizability:           80.088
Anisotropic polarizability:          0.000

-------------
DIPOLE MOMENT
-------------
                                X                 Y                 Z
Electronic contribution:     -0.000002923       0.000008912      -0.000005425
Nuclear contribution   :     -0.000000000       0.000000000       0.000000000
                        -----------------------------------------
Total Dipole Moment    :     -0.000002923       0.000008912      -0.000005425
                        -----------------------------------------
Magnitude (a.u.)       :      0.000010835
Magnitude (Debye)      :      0.000027541

                                          Detailed output:  POL_c60-Ih_p-003.out
--------------------------------------------------------------------------------
Program finished with exit code 0 at: (2025-08-15)  10:58:08
TOTAL RUN TIME: 0 days 0 hours 6 minutes 54 seconds 799 msec
