Starting run at: (2024-05-17)  18:56:12


Lmod a automatiquement remplacé "intel/2020.1.217" par "gcc/10.3.0"


Dû à un changement dans la variable MODULEPATH, les modules suivants ont été rechargés :
  1) mii/1.1.2

Les modules suivants ont été rechargés avec un changement de version :
  1) StdEnv/2023 => StdEnv/2020
  2) blis/0.9.0 => blis/0.8.1
  3) flexiblas/3.3.1 => flexiblas/3.0.4
  4) gcc/12.3 => gcc/10.3.0
  5) gcccore/.12.3 => gcccore/.10.3.0
  6) gentoo/2023 => gentoo/2020
  7) hwloc/2.9.1 => hwloc/2.4.0
  8) libfabric/1.18.0 => libfabric/1.12.1
  9) openmpi/4.1.5 => openmpi/4.1.1
 10) pmix/4.2.4 => pmix/3.2.3
 11) ucx/1.14.1 => ucx/1.9.0

To execute ORCA, run: 
   ${EBROOTORCA}/orca orca.inp > orca.out
--------------------------------------------------------------------------------
                                     INPUT                                      
--------------------------------------------------------------------------------
Slurm Job ID                : 29107586
Slurm Ntasks                : 64
XYZ file                    : C60-Ih.xyz
DFT functional              : B3LYP/G
Dispersion correction       : 
Basis set                   : def2-SVPD
Initial basis set           : def2-SVP
Grid                        : DefGrid3
SCF level                   : TightSCF

--------------------------------------------------------------------------------
                                 SYMMETRIZATION                                 
--------------------------------------------------------------------------------
Symmetrization of the structure                   ... done (   63.9 sec)

This point group has been found:    Ih
Largest non-degenerate subgroup:    D2h

                                          Detailed output:  SYM_c60-Ih_E.out
--------------------------------------------------------------------------------
                                  GROUND STATE                                  
--------------------------------------------------------------------------------
Ground state energy calculation                   ... done (  896.0 sec)

Reading the input file GS_c60-Ih_E.gbw               ... done
Writing the output file GS_c60-Ih_E.molden.input     ... done

Total Energy       :        -2284.61236290 Eh          -62167.46293 eV

Components:
Nuclear Repulsion  :         8315.40377980 Eh          226273.64038 eV
Electronic Energy  :       -10600.01614271 Eh         -288441.10331 eV
One Electron Energy:       -19649.88253191 Eh         -534700.48734 eV
Two Electron Energy:         9049.86638920 Eh          246259.38404 eV
Max COSX asymmetry :            0.00005237 Eh               0.00143 eV

Virial components:
Potential Energy   :        -4542.84863836 Eh         -123617.19603 eV
Kinetic Energy     :         2258.23627546 Eh           61449.73310 eV
Virial Ratio       :            2.01167995


DFT components:
N(Alpha)           :      179.999669239062 electrons
N(Beta)            :      179.999669239062 electrons
N(Total)           :      359.999338478125 electrons
E(X)               :     -247.140003544966 Eh       
E(C)               :      -16.213846821288 Eh       
E(XC)              :     -263.353850366255 Eh       
DFET-embed. en.    :        0.000000000000 Eh       

                                          Detailed output:  GS_c60-Ih_E.out
--------------------------------------------------------------------------------
                                  CATION STATE                                  
--------------------------------------------------------------------------------
Cation state energy calculation                   ... done ( 1691.2 sec)

Reading the input file CA_c60-Ih_E.gbw               ... done
Writing the output file CA_c60-Ih_E.molden.input     ... done

Total Energy       :        -2284.33331630 Eh          -62159.86968 eV

Components:
Nuclear Repulsion  :         8315.40377980 Eh          226273.64038 eV
Electronic Energy  :       -10599.73709611 Eh         -288433.51006 eV
One Electron Energy:       -19608.38604855 Eh         -533571.31062 eV
Two Electron Energy:         9008.64895244 Eh          245137.80056 eV
Max COSX asymmetry :            0.00001308 Eh               0.00036 eV

Virial components:
Potential Energy   :        -4542.28152040 Eh         -123601.76396 eV
Kinetic Energy     :         2257.94820410 Eh           61441.89428 eV
Virial Ratio       :            2.01168544


DFT components:
N(Alpha)           :      179.999662256460 electrons
N(Beta)            :      178.999656601443 electrons
N(Total)           :      358.999318857903 electrons
E(X)               :     -246.922274302679 Eh       
E(C)               :      -16.174750047270 Eh       
E(XC)              :     -263.097024349948 Eh       
DFET-embed. en.    :        0.000000000000 Eh       

                                          Detailed output:  CA_c60-Ih_E.out
--------------------------------------------------------------------------------
                                  ANION STATE                                   
--------------------------------------------------------------------------------
Anion state energy calculation                    ... done ( 1315.1 sec)

Reading the input file AN_c60-Ih_E.gbw               ... done
Writing the output file AN_c60-Ih_E.molden.input     ... done

Total Energy       :        -2284.70745366 Eh          -62170.05048 eV

Components:
Nuclear Repulsion  :         8315.40377980 Eh          226273.64038 eV
Electronic Energy  :       -10600.11123347 Eh         -288443.69086 eV
One Electron Energy:       -19690.70416386 Eh         -535811.30042 eV
Two Electron Energy:         9090.59293039 Eh          247367.60956 eV
Max COSX asymmetry :            0.00001348 Eh               0.00037 eV

Virial components:
Potential Energy   :        -4543.26197534 Eh         -123628.44350 eV
Kinetic Energy     :         2258.55452168 Eh           61458.39302 eV
Virial Ratio       :            2.01157950


DFT components:
N(Alpha)           :      180.999675802480 electrons
N(Beta)            :      179.999675523694 electrons
N(Total)           :      360.999351326175 electrons
E(X)               :     -247.347797384918 Eh       
E(C)               :      -16.251182653723 Eh       
E(XC)              :     -263.598980038640 Eh       
DFET-embed. en.    :        0.000000000000 Eh       

                                          Detailed output:  AN_c60-Ih_E.out
--------------------------------------------------------------------------------
                                 GLOBAL INDICES                                 
--------------------------------------------------------------------------------
HOMO= -6.4326 eV     LUMO= -3.7378 eV     gap= 2.6948 eV

Ionization energy:                  7.5932 eV
Electron affinity:                  2.5875 eV
Mulliken electronegativity:         5.0903 eV
Chemical potential:                -5.0903 eV
Hardness:                           5.0057 eV
Softness:                           0.1998 1/eV
Electrophilicity index:             2.5882 eV
Nucleophilicity index:              3.0432 eV
--------------------------------------------------------------------------------
                                 POLARIZABILITY                                 
--------------------------------------------------------------------------------
Polatizability calculation                        ... done ( 1049.6 sec)

Diagonalized polarizability tensor (bohr^3):
  a_xx =  550.39594    a_yy =  550.39664    a_zz =  550.39718

Diagonalized polarizability tensor (ang^3):
  a_xx =   81.56155    a_yy =   81.56165    a_zz =   81.56173

Isotropic polarizability:           81.561
Anisotropic polarizability:              0

-------------
DIPOLE MOMENT
-------------
                                X             Y             Z
Electronic contribution:      0.00000      -0.00000       0.00001
Nuclear contribution   :      0.00000       0.00000       0.00000
                        -----------------------------------------
Total Dipole Moment    :      0.00000      -0.00000       0.00001
                        -----------------------------------------
Magnitude (a.u.)       :      0.00001
Magnitude (Debye)      :      0.00004

                                          Detailed output:  POL_c60-Ih_E.out
--------------------------------------------------------------------------------
Program finished with exit code 0 at: (2024-05-17)  20:19:56
TOTAL RUN TIME: 0 days 1 hours 23 minutes 44 seconds 022 msec
