Mode  7:  137.444 : 0.5 E2g
Mode  8:  137.444 : 0.5 E2g
Mode  9:  214.955 : 0.5 E1u
Mode 10:  214.955 : 0.5 E1u
Mode 11:  225.281 : 0.5 E1g
Mode 12:  225.281 : 0.5 E1g
Mode 13:  226.506 : A1u
Mode 14:  238.276 : 0.5 E2u
Mode 15:  238.276 : 0.5 E2u
Mode 16:  244.124 : A1g
Mode 17:  246.980 : 0.5 E2u
Mode 18:  246.980 : 0.5 E2u
Mode 19:  299.584 : A2u
Mode 20:  317.617 : 0.5 E2g
Mode 21:  317.617 : 0.5 E2g
Mode 22:  328.401 : 0.5 E1u
Mode 23:  328.401 : 0.5 E1u
Mode 24:  330.273 : 0.5 E2g
Mode 25:  330.273 : 0.5 E2g
Mode 26:  331.346 : A1g
Mode 27:  340.185 : 0.5 E1g
Mode 28:  340.185 : 0.5 E1g
Mode 29:  376.232 : 0.5 E1g
Mode 30:  376.232 : 0.5 E1g
Mode 31:  382.797 : A1g
Mode 32:  387.250 : A2u
Mode 33:  390.624 : 0.5 E2u
Mode 34:  390.624 : 0.5 E2u
Mode 35:  403.188 : 0.5 E1u
Mode 36:  403.188 : 0.5 E1u
Mode 37:  409.791 : 0.5 E2u
Mode 38:  409.791 : 0.5 E2u
Mode 39:  425.174 : A2g
Mode 40:  425.666 : 0.5 E2u
Mode 41:  425.666 : 0.5 E2u
Mode 42:  427.650 : 0.5 E1u
Mode 43:  427.650 : 0.5 E1u
Mode 44:  433.926 : 0.5 E1g
Mode 45:  433.926 : 0.5 E1g
Mode 46:  442.397 : A1g
Mode 47:  461.063 : 0.5 E1g
Mode 48:  461.063 : 0.5 E1g
Mode 49:  465.178 : A1u
Mode 50:  469.051 : 0.5 E2g
Mode 51:  469.051 : 0.5 E2g
Mode 52:  491.070 : 0.5 E1u
Mode 53:  491.070 : 0.5 E1u
Mode 54:  495.558 : A2u
Mode 55:  495.621 : A2g
Mode 56:  498.836 : 0.5 E2g
Mode 57:  498.836 : 0.5 E2g
Mode 58:  509.483 : 0.5 E1g
Mode 59:  509.483 : 0.5 E1g
Mode 60:  523.658 : 0.5 E2g
Mode 61:  523.658 : 0.5 E2g
Mode 62:  525.123 : 0.5 E1u
Mode 63:  525.123 : 0.5 E1u
Mode 64:  528.813 : A2u
Mode 65:  533.826 : 0.5 E2u
Mode 66:  533.826 : 0.5 E2u
Mode 67:  539.010 : A1u
Mode 68:  549.347 : 0.5 E1u
Mode 69:  549.347 : 0.5 E1u
Mode 70:  556.844 : 0.5 E2g
Mode 71:  556.844 : 0.5 E2g
Mode 72:  568.408 : 0.5 E1g
Mode 73:  568.408 : 0.5 E1g
Mode 74:  569.332 : A1u
Mode 75:  571.076 : 0.5 E1u
Mode 76:  571.076 : 0.5 E1u
Mode 77:  577.192 : A1g
Mode 78:  581.600 : 0.5 E2u
Mode 79:  581.600 : 0.5 E2u
Mode 80:  611.618 : A1g
Mode 81:  617.952 : A2g
Mode 82:  623.721 : 0.5 E2g
Mode 83:  623.721 : 0.5 E2g
Mode 84:  626.926 : 0.5 E1g
Mode 85:  626.926 : 0.5 E1g
Mode 86:  627.815 : A2g
Mode 87:  642.440 : 0.5 E2u
Mode 88:  642.440 : 0.5 E2u
Mode 89:  643.214 : A2u
Mode 90:  650.018 : 0.5 E1g
Mode 91:  650.018 : 0.5 E1g
Mode 92:  653.565 : 0.5 E1u
Mode 93:  653.565 : 0.5 E1u
Mode 94:  669.792 : 0.5 E1u
Mode 95:  669.792 : 0.5 E1u
Mode 96:  687.600 : 0.5 E2u
Mode 97:  687.600 : 0.5 E2u
Mode 98:  690.527 : A1u
Mode 99:  696.361 : 0.5 E1g
Mode 100:  696.361 : 0.5 E1g
Mode 101:  704.678 : 0.5 E2g
Mode 102:  704.678 : 0.5 E2g
Mode 103:  713.278 : 0.5 E2u
Mode 104:  713.278 : 0.5 E2u
Mode 105:  715.483 : 0.5 E2g
Mode 106:  715.483 : 0.5 E2g
Mode 107:  719.612 : 0.5 E1g
Mode 108:  719.612 : 0.5 E1g
Mode 109:  725.400 : 0.5 E2g
Mode 110:  725.400 : 0.5 E2g
Mode 111:  732.825 : A2g
Mode 112:  738.142 : A2u
Mode 113:  738.932 : 0.5 E1u
Mode 114:  738.932 : 0.5 E1u
Mode 115:  739.219 : A1g
Mode 116:  744.066 : 0.5 E2u
Mode 117:  744.066 : 0.5 E2u
Mode 118:  746.848 : A1u
Mode 119:  749.862 : A2u
Mode 120:  757.302 : 0.5 E2g
Mode 121:  757.302 : 0.5 E2g
Mode 122:  764.742 : 0.5 E2g
Mode 123:  764.742 : 0.5 E2g
Mode 124:  765.999 : 0.5 E1u
Mode 125:  765.999 : 0.5 E1u
Mode 126:  766.140 : 0.5 E1g
Mode 127:  766.140 : 0.5 E1g
Mode 128:  766.918 : A2g
Mode 129:  775.389 : 0.5 E2u
Mode 130:  775.389 : 0.5 E2u
Mode 131:  783.183 : 0.5 E2g
Mode 132:  783.183 : 0.5 E2g
Mode 133:  786.179 : 0.5 E1u
Mode 134:  786.179 : 0.5 E1u
Mode 135:  786.420 : 0.5 E1g
Mode 136:  786.420 : 0.5 E1g
Mode 137:  789.389 : 0.5 E1u
Mode 138:  789.389 : 0.5 E1u
Mode 139:  791.918 : 0.5 E2u
Mode 140:  791.918 : 0.5 E2u
Mode 141:  796.628 : 0.5 E2g
Mode 142:  796.628 : 0.5 E2g
Mode 143:  799.006 : 0.5 E2u
Mode 144:  799.006 : 0.5 E2u
Mode 145:  805.600 : A1u
Mode 146:  808.405 : 0.5 E2u
Mode 147:  808.405 : 0.5 E2u
Mode 148:  814.944 : 0.5 E1g
Mode 149:  814.944 : 0.5 E1g
Mode 150:  816.077 : A2g
Mode 151:  826.795 : 0.5 E2u
Mode 152:  826.795 : 0.5 E2u
Mode 153:  834.193 : 0.5 E2g
Mode 154:  834.193 : 0.5 E2g
Mode 155:  840.355 : 0.5 E1u
Mode 156:  840.355 : 0.5 E1u
Mode 157:  846.390 : A2g
Mode 158:  861.798 : 0.5 E1g
Mode 159:  861.798 : 0.5 E1g
Mode 160:  875.643 : A1u
Mode 161:  884.488 : 0.5 E1u
Mode 162:  884.488 : 0.5 E1u
Mode 163:  903.086 : A1g
Mode 164:  924.713 : 0.5 E1g
Mode 165:  924.713 : 0.5 E1g
Mode 166:  940.247 : 0.5 E2u
Mode 167:  940.247 : 0.5 E2u
Mode 168:  960.300 : A1u
Mode 169:  964.128 : 0.5 E2g
Mode 170:  964.128 : 0.5 E2g
Mode 171:  986.757 : A2g
Mode 172: 1001.995 : 0.5 E2g
Mode 173: 1001.995 : 0.5 E2g
Mode 174: 1026.561 : A2u
Mode 175: 1045.475 : 0.5 E1u
Mode 176: 1045.475 : 0.5 E1u
Mode 177: 1070.632 : 0.5 E2u
Mode 178: 1070.632 : 0.5 E2u
Mode 179: 1106.215 : 0.5 E2u
Mode 180: 1106.215 : 0.5 E2u
Mode 181: 1119.203 : A1g
Mode 182: 1120.540 : 0.5 E1g
Mode 183: 1120.540 : 0.5 E1g
Mode 184: 1121.584 : 0.5 E1u
Mode 185: 1121.584 : 0.5 E1u
Mode 186: 1146.104 : 0.5 E1g
Mode 187: 1146.104 : 0.5 E1g
Mode 188: 1151.706 : 0.5 E2g
Mode 189: 1151.706 : 0.5 E2g
Mode 190: 1182.465 : A2u
Mode 191: 1191.218 : 0.5 E1g
Mode 192: 1191.218 : 0.5 E1g
Mode 193: 1198.634 : 0.5 E2g
Mode 194: 1198.634 : 0.5 E2g
Mode 195: 1208.867 : A2u
Mode 196: 1213.927 : A1g
Mode 197: 1217.839 : 0.5 E1u
Mode 198: 1217.839 : 0.5 E1u
Mode 199: 1227.187 : A2g
Mode 200: 1234.660 : 0.5 E2u
Mode 201: 1234.660 : 0.5 E2u
Mode 202: 1244.521 : A1u
Mode 203: 1245.588 : A1g
Mode 204: 1260.766 : 0.5 E1g
Mode 205: 1260.766 : 0.5 E1g
Mode 206: 1261.462 : 0.5 E2u
Mode 207: 1261.462 : 0.5 E2u
Mode 208: 1261.605 : 0.5 E1u
Mode 209: 1261.605 : 0.5 E1u
Mode 210: 1265.672 : A2u
Mode 211: 1291.619 : A1u
Mode 212: 1292.134 : 0.5 E2g
Mode 213: 1292.134 : 0.5 E2g
Mode 214: 1296.441 : 0.5 E1u
Mode 215: 1296.441 : 0.5 E1u
Mode 216: 1301.914 : 0.5 E1g
Mode 217: 1301.914 : 0.5 E1g
Mode 218: 1312.727 : A1g
Mode 219: 1318.381 : 0.5 E1g
Mode 220: 1318.381 : 0.5 E1g
Mode 221: 1320.099 : 0.5 E1u
Mode 222: 1320.099 : 0.5 E1u
Mode 223: 1321.093 : 0.5 E2u
Mode 224: 1321.093 : 0.5 E2u
Mode 225: 1321.293 : A2u
Mode 226: 1336.418 : 0.5 E2g
Mode 227: 1336.418 : 0.5 E2g
Mode 228: 1343.603 : A2g
Mode 229: 1347.530 : 0.5 E2g
Mode 230: 1347.530 : 0.5 E2g
Mode 231: 1349.157 : 0.5 E2g
Mode 232: 1349.157 : 0.5 E2g
Mode 233: 1353.776 : 0.5 E1u
Mode 234: 1353.776 : 0.5 E1u
Mode 235: 1354.278 : 0.5 E2u
Mode 236: 1354.278 : 0.5 E2u
Mode 237: 1365.633 : A1g
Mode 238: 1368.652 : A1u
Mode 239: 1370.321 : 0.5 E1g
Mode 240: 1370.321 : 0.5 E1g
Mode 241: 1381.632 : 0.5 E1u
Mode 242: 1381.632 : 0.5 E1u
Mode 243: 1384.448 : 0.5 E1g
Mode 244: 1384.448 : 0.5 E1g
Mode 245: 1387.146 : 0.5 E2u
Mode 246: 1387.146 : 0.5 E2u
Mode 247: 1392.572 : A2g
Mode 248: 1405.841 : 0.5 E1u
Mode 249: 1405.841 : 0.5 E1u
Mode 250: 1407.904 : 0.5 E2u
Mode 251: 1407.904 : 0.5 E2u
Mode 252: 1430.436 : 0.5 E2g
Mode 253: 1430.436 : 0.5 E2g
Mode 254: 1436.676 : 0.5 E2g
Mode 255: 1436.676 : 0.5 E2g
Mode 256: 1439.764 : 0.5 E1g
Mode 257: 1439.764 : 0.5 E1g
Mode 258: 1445.727 : 0.5 E1u
Mode 259: 1445.727 : 0.5 E1u
Mode 260: 1451.177 : A2u
Mode 261: 1451.331 : 0.5 E2u
Mode 262: 1451.331 : 0.5 E2u
Mode 263: 1452.136 : 0.5 E1g
Mode 264: 1452.136 : 0.5 E1g
Mode 265: 1467.085 : 0.5 E2g
Mode 266: 1467.085 : 0.5 E2g
Mode 267: 1467.930 : A1g
Mode 268: 1478.454 : A2u
Mode 269: 1485.854 : 0.5 E2u
Mode 270: 1485.854 : 0.5 E2u
Mode 271: 1503.214 : 0.5 E1u
Mode 272: 1503.214 : 0.5 E1u
Mode 273: 1512.921 : A1u
Mode 274: 1521.966 : 0.5 E1g
Mode 275: 1521.966 : 0.5 E1g
Mode 276: 1527.239 : A1g
Mode 277: 1543.697 : 0.5 E2g
Mode 278: 1543.697 : 0.5 E2g
Mode 279: 1543.901 : 0.5 E2u
Mode 280: 1543.901 : 0.5 E2u
Mode 281: 1546.684 : 0.5 E1g
Mode 282: 1546.684 : 0.5 E1g
Mode 283: 1547.727 : 0.5 E2u
Mode 284: 1547.727 : 0.5 E2u
Mode 285: 1573.287 : 0.5 E2g
Mode 286: 1573.287 : 0.5 E2g
Mode 287: 1588.049 : 0.5 E1u
Mode 288: 1588.049 : 0.5 E1u
Mode 289: 1591.964 : A1u
Mode 290: 1599.173 : 0.5 E2g
Mode 291: 1599.173 : 0.5 E2g
Mode 292: 1599.381 : 0.5 E2u
Mode 293: 1599.381 : 0.5 E2u
Mode 294: 1599.477 : A2g
Mode 295: 1600.521 : A2u
Mode 296: 1604.797 : 0.5 E1u
Mode 297: 1604.797 : 0.5 E1u
Mode 298: 1607.203 : 0.5 E1g
Mode 299: 1607.203 : 0.5 E1g
Mode 300: 1607.361 : A1g
Total symmetry:  16 A1g + 13 A2g + 29 E1g + 30 E2g + 14 A1u + 15 A2u + 29 E1u + 30 E2u
