Mode  7:  160.628 : 0.5 E2'
Mode  8:  160.628 : 0.5 E2'
Mode  9:  231.640 : 0.5 E1''
Mode 10:  231.640 : 0.5 E1''
Mode 11:  251.948 : 0.5 E1'
Mode 12:  251.948 : 0.5 E1'
Mode 13:  254.822 : 0.5 E2'
Mode 14:  254.822 : 0.5 E2'
Mode 15:  255.148 : A1'
Mode 16:  256.449 : A1''
Mode 17:  266.514 : 0.5 E2''
Mode 18:  266.514 : 0.5 E2''
Mode 19:  307.147 : A2''
Mode 20:  338.118 : 0.5 E1'
Mode 21:  338.118 : 0.5 E1'
Mode 22:  342.081 : A1'
Mode 23:  342.402 : 0.5 E2''
Mode 24:  342.402 : 0.5 E2''
Mode 25:  354.915 : 0.5 E2'
Mode 26:  354.915 : 0.5 E2'
Mode 27:  364.445 : 0.5 E1''
Mode 28:  364.445 : 0.5 E1''
Mode 29:  386.810 : 0.5 E1'
Mode 30:  386.810 : 0.5 E1'
Mode 31:  399.343 : 0.5 E2''
Mode 32:  399.343 : 0.5 E2''
Mode 33:  401.721 : A1'
Mode 34:  416.597 : A2''
Mode 35:  429.895 : 0.5 E1'
Mode 36:  429.895 : 0.5 E1'
Mode 37:  431.528 : 0.5 E2'
Mode 38:  431.528 : 0.5 E2'
Mode 39:  436.294 : 0.5 E1''
Mode 40:  436.294 : 0.5 E1''
Mode 41:  461.205 : 0.5 E1''
Mode 42:  461.205 : 0.5 E1''
Mode 43:  463.823 : A2'
Mode 44:  465.187 : 0.5 E2''
Mode 45:  465.187 : 0.5 E2''
Mode 46:  478.089 : A2'
Mode 47:  479.577 : A1'
Mode 48:  496.839 : 0.5 E2'
Mode 49:  496.839 : 0.5 E2'
Mode 50:  498.972 : 0.5 E1'
Mode 51:  498.972 : 0.5 E1'
Mode 52:  505.374 : A1''
Mode 53:  516.503 : 0.5 E1''
Mode 54:  516.503 : 0.5 E1''
Mode 55:  521.745 : 0.5 E1'
Mode 56:  521.745 : 0.5 E1'
Mode 57:  522.353 : 0.5 E2''
Mode 58:  522.353 : 0.5 E2''
Mode 59:  543.126 : A2''
Mode 60:  546.855 : 0.5 E2'
Mode 61:  546.855 : 0.5 E2'
Mode 62:  554.954 : A2''
Mode 63:  559.797 : 0.5 E2''
Mode 64:  559.797 : 0.5 E2''
Mode 65:  560.107 : 0.5 E1'
Mode 66:  560.107 : 0.5 E1'
Mode 67:  563.632 : A2'
Mode 68:  579.264 : A1''
Mode 69:  579.389 : 0.5 E1''
Mode 70:  579.389 : 0.5 E1''
Mode 71:  585.194 : 0.5 E1'
Mode 72:  585.194 : 0.5 E1'
Mode 73:  590.231 : 0.5 E2''
Mode 74:  590.231 : 0.5 E2''
Mode 75:  633.717 : A1'
Mode 76:  636.963 : A1'
Mode 77:  644.475 : 0.5 E1''
Mode 78:  644.475 : 0.5 E1''
Mode 79:  646.405 : 0.5 E2'
Mode 80:  646.405 : 0.5 E2'
Mode 81:  660.722 : A1''
Mode 82:  663.734 : A2'
Mode 83:  672.049 : 0.5 E2'
Mode 84:  672.049 : 0.5 E2'
Mode 85:  678.467 : 0.5 E1''
Mode 86:  678.467 : 0.5 E1''
Mode 87:  682.551 : 0.5 E1''
Mode 88:  682.551 : 0.5 E1''
Mode 89:  696.904 : 0.5 E1'
Mode 90:  696.904 : 0.5 E1'
Mode 91:  704.931 : 0.5 E2''
Mode 92:  704.931 : 0.5 E2''
Mode 93:  710.346 : 0.5 E1''
Mode 94:  710.346 : 0.5 E1''
Mode 95:  714.602 : 0.5 E2'
Mode 96:  714.602 : 0.5 E2'
Mode 97:  719.235 : 0.5 E2'
Mode 98:  719.235 : 0.5 E2'
Mode 99:  721.031 : 0.5 E2''
Mode 100:  721.031 : 0.5 E2''
Mode 101:  732.700 : A1''
Mode 102:  733.960 : 0.5 E1'
Mode 103:  733.960 : 0.5 E1'
Mode 104:  739.597 : A2''
Mode 105:  740.870 : A1'
Mode 106:  746.202 : A2'
Mode 107:  750.394 : 0.5 E2'
Mode 108:  750.394 : 0.5 E2'
Mode 109:  760.392 : 0.5 E2''
Mode 110:  760.392 : 0.5 E2''
Mode 111:  768.098 : 0.5 E1''
Mode 112:  768.098 : 0.5 E1''
Mode 113:  772.417 : 0.5 E1'
Mode 114:  772.417 : 0.5 E1'
Mode 115:  775.961 : 0.5 E2'
Mode 116:  775.961 : 0.5 E2'
Mode 117:  776.950 : 0.5 E2''
Mode 118:  776.950 : 0.5 E2''
Mode 119:  783.305 : 0.5 E1'
Mode 120:  783.305 : 0.5 E1'
Mode 121:  788.317 : 0.5 E2''
Mode 122:  788.317 : 0.5 E2''
Mode 123:  789.751 : 0.5 E2'
Mode 124:  789.751 : 0.5 E2'
Mode 125:  794.870 : A1''
Mode 126:  796.792 : 0.5 E2''
Mode 127:  796.792 : 0.5 E2''
Mode 128:  797.492 : A1''
Mode 129:  803.609 : A2''
Mode 130:  807.044 : 0.5 E1''
Mode 131:  807.044 : 0.5 E1''
Mode 132:  808.119 : 0.5 E2'
Mode 133:  808.119 : 0.5 E2'
Mode 134:  811.739 : A2'
Mode 135:  822.394 : 0.5 E1'
Mode 136:  822.394 : 0.5 E1'
Mode 137:  828.581 : 0.5 E2'
Mode 138:  828.581 : 0.5 E2'
Mode 139:  834.513 : 0.5 E1'
Mode 140:  834.513 : 0.5 E1'
Mode 141:  848.220 : 0.5 E1'
Mode 142:  848.220 : 0.5 E1'
Mode 143:  860.502 : 0.5 E2''
Mode 144:  860.502 : 0.5 E2''
Mode 145:  879.219 : 0.5 E1''
Mode 146:  879.219 : 0.5 E1''
Mode 147:  904.629 : A2'
Mode 148:  911.625 : A2'
Mode 149:  932.139 : 0.5 E2'
Mode 150:  932.139 : 0.5 E2'
Mode 151:  965.153 : A1'
Mode 152:  969.118 : 0.5 E1''
Mode 153:  969.118 : 0.5 E1''
Mode 154:  995.255 : A1''
Mode 155:  999.054 : 0.5 E2'
Mode 156:  999.054 : 0.5 E2'
Mode 157: 1022.827 : 0.5 E2''
Mode 158: 1022.827 : 0.5 E2''
Mode 159: 1074.021 : A2''
Mode 160: 1098.610 : 0.5 E1'
Mode 161: 1098.610 : 0.5 E1'
Mode 162: 1099.387 : 0.5 E2''
Mode 163: 1099.387 : 0.5 E2''
Mode 164: 1103.201 : 0.5 E1'
Mode 165: 1103.201 : 0.5 E1'
Mode 166: 1120.203 : 0.5 E1''
Mode 167: 1120.203 : 0.5 E1''
Mode 168: 1138.721 : 0.5 E2'
Mode 169: 1138.721 : 0.5 E2'
Mode 170: 1150.233 : A1'
Mode 171: 1171.018 : A2''
Mode 172: 1177.308 : 0.5 E1''
Mode 173: 1177.308 : 0.5 E1''
Mode 174: 1185.439 : 0.5 E2'
Mode 175: 1185.439 : 0.5 E2'
Mode 176: 1216.018 : A2''
Mode 177: 1219.297 : 0.5 E1'
Mode 178: 1219.297 : 0.5 E1'
Mode 179: 1223.717 : 0.5 E2''
Mode 180: 1223.717 : 0.5 E2''
Mode 181: 1229.109 : A1'
Mode 182: 1237.317 : 0.5 E1'
Mode 183: 1237.317 : 0.5 E1'
Mode 184: 1241.370 : A1''
Mode 185: 1248.578 : A1'
Mode 186: 1255.808 : A2'
Mode 187: 1266.471 : 0.5 E2''
Mode 188: 1266.471 : 0.5 E2''
Mode 189: 1273.062 : 0.5 E1''
Mode 190: 1273.062 : 0.5 E1''
Mode 191: 1279.618 : 0.5 E2'
Mode 192: 1279.618 : 0.5 E2'
Mode 193: 1284.400 : 0.5 E1''
Mode 194: 1284.400 : 0.5 E1''
Mode 195: 1308.098 : A2'
Mode 196: 1312.413 : 0.5 E1''
Mode 197: 1312.413 : 0.5 E1''
Mode 198: 1313.324 : 0.5 E2'
Mode 199: 1313.324 : 0.5 E2'
Mode 200: 1316.286 : 0.5 E1'
Mode 201: 1316.286 : 0.5 E1'
Mode 202: 1318.773 : 0.5 E2''
Mode 203: 1318.773 : 0.5 E2''
Mode 204: 1330.493 : 0.5 E1'
Mode 205: 1330.493 : 0.5 E1'
Mode 206: 1335.295 : A2''
Mode 207: 1338.573 : A1'
Mode 208: 1345.558 : 0.5 E2'
Mode 209: 1345.558 : 0.5 E2'
Mode 210: 1359.149 : A1''
Mode 211: 1359.682 : 0.5 E2''
Mode 212: 1359.682 : 0.5 E2''
Mode 213: 1364.016 : 0.5 E1'
Mode 214: 1364.016 : 0.5 E1'
Mode 215: 1372.395 : A2'
Mode 216: 1374.952 : 0.5 E2''
Mode 217: 1374.952 : 0.5 E2''
Mode 218: 1376.341 : 0.5 E1''
Mode 219: 1376.341 : 0.5 E1''
Mode 220: 1380.250 : 0.5 E1'
Mode 221: 1380.250 : 0.5 E1'
Mode 222: 1398.945 : 0.5 E2'
Mode 223: 1398.945 : 0.5 E2'
Mode 224: 1415.406 : 0.5 E1''
Mode 225: 1415.406 : 0.5 E1''
Mode 226: 1424.565 : 0.5 E2'
Mode 227: 1424.565 : 0.5 E2'
Mode 228: 1425.406 : 0.5 E2''
Mode 229: 1425.406 : 0.5 E2''
Mode 230: 1434.572 : A2''
Mode 231: 1452.729 : 0.5 E1'
Mode 232: 1452.729 : 0.5 E1'
Mode 233: 1453.851 : 0.5 E1''
Mode 234: 1453.851 : 0.5 E1''
Mode 235: 1456.470 : A1''
Mode 236: 1465.853 : 0.5 E2''
Mode 237: 1465.853 : 0.5 E2''
Mode 238: 1466.969 : A1'
Mode 239: 1471.440 : 0.5 E2'
Mode 240: 1471.440 : 0.5 E2'
Mode 241: 1472.784 : 0.5 E1''
Mode 242: 1472.784 : 0.5 E1''
Mode 243: 1480.193 : A2''
Mode 244: 1482.271 : 0.5 E1'
Mode 245: 1482.271 : 0.5 E1'
Mode 246: 1493.323 : 0.5 E2''
Mode 247: 1493.323 : 0.5 E2''
Mode 248: 1507.587 : A1'
Mode 249: 1542.595 : 0.5 E2'
Mode 250: 1542.595 : 0.5 E2'
Mode 251: 1549.625 : 0.5 E1''
Mode 252: 1549.625 : 0.5 E1''
Mode 253: 1551.157 : 0.5 E2''
Mode 254: 1551.157 : 0.5 E2''
Mode 255: 1584.561 : 0.5 E2'
Mode 256: 1584.561 : 0.5 E2'
Mode 257: 1592.779 : 0.5 E1'
Mode 258: 1592.779 : 0.5 E1'
Mode 259: 1594.372 : A2''
Mode 260: 1601.236 : A1''
Mode 261: 1603.497 : 0.5 E2'
Mode 262: 1603.497 : 0.5 E2'
Mode 263: 1603.584 : 0.5 E2''
Mode 264: 1603.584 : 0.5 E2''
Mode 265: 1604.721 : A2'
Mode 266: 1608.852 : 0.5 E1'
Mode 267: 1608.852 : 0.5 E1'
Mode 268: 1609.907 : A1'
Mode 269: 1610.003 : 0.5 E1''
Mode 270: 1610.003 : 0.5 E1''
Total symmetry:  15 A1' + 12 A1'' + 12 A2' + 13 A2'' + 27 E1' + 25 E1'' + 28 E2' + 26 E2''
