Mode  7:  265.097 : 0.2 Hg
Mode  8:  265.097 : 0.2 Hg
Mode  9:  265.097 : 0.2 Hg
Mode 10:  265.097 : 0.2 Hg
Mode 11:  265.097 : 0.2 Hg
Mode 12:  341.859 : 0.33 T2u
Mode 13:  341.859 : 0.33 T2u
Mode 14:  341.859 : 0.33 T2u
Mode 15:  355.886 : 0.25 Gu
Mode 16:  355.886 : 0.25 Gu
Mode 17:  355.886 : 0.25 Gu
Mode 18:  355.886 : 0.25 Gu
Mode 19:  407.607 : 0.2 Hu
Mode 20:  407.607 : 0.2 Hu
Mode 21:  407.607 : 0.2 Hu
Mode 22:  407.607 : 0.2 Hu
Mode 23:  407.607 : 0.2 Hu
Mode 24:  435.500 : 0.2 Hg
Mode 25:  435.500 : 0.2 Hg
Mode 26:  435.500 : 0.2 Hg
Mode 27:  435.500 : 0.2 Hg
Mode 28:  435.500 : 0.2 Hg
Mode 29:  485.476 : 0.25 Gg
Mode 30:  485.476 : 0.25 Gg
Mode 31:  485.476 : 0.25 Gg
Mode 32:  485.476 : 0.25 Gg
Mode 33:  497.563 : Ag
Mode 34:  537.365 : 0.2 Hu
Mode 35:  537.365 : 0.2 Hu
Mode 36:  537.365 : 0.2 Hu
Mode 37:  537.365 : 0.2 Hu
Mode 38:  537.365 : 0.2 Hu
Mode 39:  541.260 : 0.33 T1u
Mode 40:  541.260 : 0.33 T1u
Mode 41:  541.260 : 0.33 T1u
Mode 42:  568.061 : 0.33 T2g
Mode 43:  568.061 : 0.33 T2g
Mode 44:  568.061 : 0.33 T2g
Mode 45:  576.084 : 0.33 T1g
Mode 46:  576.084 : 0.33 T1g
Mode 47:  576.084 : 0.33 T1g
Mode 48:  576.491 : 0.25 Gg
Mode 49:  576.491 : 0.25 Gg
Mode 50:  576.491 : 0.25 Gg
Mode 51:  576.491 : 0.25 Gg
Mode 52:  590.078 : 0.33 T1u
Mode 53:  590.078 : 0.33 T1u
Mode 54:  590.078 : 0.33 T1u
Mode 55:  680.923 : 0.2 Hu
Mode 56:  680.923 : 0.2 Hu
Mode 57:  680.923 : 0.2 Hu
Mode 58:  680.923 : 0.2 Hu
Mode 59:  680.923 : 0.2 Hu
Mode 60:  715.297 : 0.33 T2g
Mode 61:  715.297 : 0.33 T2g
Mode 62:  715.297 : 0.33 T2g
Mode 63:  723.097 : 0.2 Hg
Mode 64:  723.097 : 0.2 Hg
Mode 65:  723.097 : 0.2 Hg
Mode 66:  723.097 : 0.2 Hg
Mode 67:  723.097 : 0.2 Hg
Mode 68:  728.629 : 0.33 T2u
Mode 69:  728.629 : 0.33 T2u
Mode 70:  728.629 : 0.33 T2u
Mode 71:  739.120 : 0.25 Gu
Mode 72:  739.120 : 0.25 Gu
Mode 73:  739.120 : 0.25 Gu
Mode 74:  739.120 : 0.25 Gu
Mode 75:  745.668 : 0.2 Hu
Mode 76:  745.668 : 0.2 Hu
Mode 77:  745.668 : 0.2 Hu
Mode 78:  745.668 : 0.2 Hu
Mode 79:  745.668 : 0.2 Hu
Mode 80:  758.258 : 0.25 Gg
Mode 81:  758.258 : 0.25 Gg
Mode 82:  758.258 : 0.25 Gg
Mode 83:  758.258 : 0.25 Gg
Mode 84:  765.190 : 0.25 Gu
Mode 85:  765.190 : 0.25 Gu
Mode 86:  765.190 : 0.25 Gu
Mode 87:  765.190 : 0.25 Gu
Mode 88:  790.106 : 0.2 Hg
Mode 89:  790.106 : 0.2 Hg
Mode 90:  790.106 : 0.2 Hg
Mode 91:  790.106 : 0.2 Hg
Mode 92:  790.106 : 0.2 Hg
Mode 93:  805.026 : 0.33 T2g
Mode 94:  805.026 : 0.33 T2g
Mode 95:  805.026 : 0.33 T2g
Mode 96:  841.883 : 0.33 T1g
Mode 97:  841.883 : 0.33 T1g
Mode 98:  841.883 : 0.33 T1g
Mode 99:  966.459 : Au
Mode 100:  984.453 : 0.33 T2u
Mode 101:  984.453 : 0.33 T2u
Mode 102:  984.453 : 0.33 T2u
Mode 103:  986.246 : 0.25 Gu
Mode 104:  986.246 : 0.25 Gu
Mode 105:  986.246 : 0.25 Gu
Mode 106:  986.246 : 0.25 Gu
Mode 107: 1104.463 : 0.25 Gg
Mode 108: 1104.463 : 0.25 Gg
Mode 109: 1104.463 : 0.25 Gg
Mode 110: 1104.463 : 0.25 Gg
Mode 111: 1133.106 : 0.2 Hg
Mode 112: 1133.106 : 0.2 Hg
Mode 113: 1133.106 : 0.2 Hg
Mode 114: 1133.106 : 0.2 Hg
Mode 115: 1133.106 : 0.2 Hg
Mode 116: 1211.534 : 0.33 T2u
Mode 117: 1211.534 : 0.33 T2u
Mode 118: 1211.534 : 0.33 T2u
Mode 119: 1223.391 : 0.33 T1u
Mode 120: 1223.391 : 0.33 T1u
Mode 121: 1223.391 : 0.33 T1u
Mode 122: 1252.818 : 0.2 Hu
Mode 123: 1252.818 : 0.2 Hu
Mode 124: 1252.818 : 0.2 Hu
Mode 125: 1252.818 : 0.2 Hu
Mode 126: 1252.818 : 0.2 Hu
Mode 127: 1288.211 : 0.2 Hg
Mode 128: 1288.211 : 0.2 Hg
Mode 129: 1288.211 : 0.2 Hg
Mode 130: 1288.211 : 0.2 Hg
Mode 131: 1288.211 : 0.2 Hg
Mode 132: 1311.262 : 0.33 T1g
Mode 133: 1311.262 : 0.33 T1g
Mode 134: 1311.262 : 0.33 T1g
Mode 135: 1340.418 : 0.25 Gg
Mode 136: 1340.418 : 0.25 Gg
Mode 137: 1340.418 : 0.25 Gg
Mode 138: 1340.418 : 0.25 Gg
Mode 139: 1344.753 : 0.25 Gu
Mode 140: 1344.753 : 0.25 Gu
Mode 141: 1344.753 : 0.25 Gu
Mode 142: 1344.753 : 0.25 Gu
Mode 143: 1380.287 : 0.2 Hu
Mode 144: 1380.287 : 0.2 Hu
Mode 145: 1380.287 : 0.2 Hu
Mode 146: 1380.287 : 0.2 Hu
Mode 147: 1380.287 : 0.2 Hu
Mode 148: 1383.524 : 0.33 T2g
Mode 149: 1383.524 : 0.33 T2g
Mode 150: 1383.524 : 0.33 T2g
Mode 151: 1465.342 : 0.2 Hg
Mode 152: 1465.342 : 0.2 Hg
Mode 153: 1465.342 : 0.2 Hg
Mode 154: 1465.342 : 0.2 Hg
Mode 155: 1465.342 : 0.2 Hg
Mode 156: 1470.325 : 0.33 T1u
Mode 157: 1470.325 : 0.33 T1u
Mode 158: 1470.325 : 0.33 T1u
Mode 159: 1475.427 : 0.25 Gu
Mode 160: 1475.427 : 0.25 Gu
Mode 161: 1475.427 : 0.25 Gu
Mode 162: 1475.427 : 0.25 Gu
Mode 163: 1512.718 : Ag
Mode 164: 1547.020 : 0.25 Gg
Mode 165: 1547.020 : 0.25 Gg
Mode 166: 1547.020 : 0.25 Gg
Mode 167: 1547.020 : 0.25 Gg
Mode 168: 1572.859 : 0.33 T2u
Mode 169: 1572.859 : 0.33 T2u
Mode 170: 1572.859 : 0.33 T2u
Mode 171: 1616.237 : 0.2 Hu
Mode 172: 1616.237 : 0.2 Hu
Mode 173: 1616.237 : 0.2 Hu
Mode 174: 1616.237 : 0.2 Hu
Mode 175: 1616.237 : 0.2 Hu
Mode 176: 1624.511 : 0.2 Hg
Mode 177: 1624.511 : 0.2 Hg
Mode 178: 1624.511 : 0.2 Hg
Mode 179: 1624.511 : 0.2 Hg
Mode 180: 1624.511 : 0.2 Hg
Total symmetry:  2 Ag + 3 T1g + 4 T2g + 6 Gg + 8 Hg + Au + 4 T1u + 5 T2u + 6 Gu + 7 Hu
