Starting run at: (2025-08-15)  10:42:06

To execute ORCA, run: 
   ${EBROOTORCA}/orca orca.inp > orca.out
--------------------------------------------------------------------------------
                                     INPUT                                      
--------------------------------------------------------------------------------
Slurm Job ID                : 1115069
Slurm Ntasks                : 10
XYZ file                    : pyrene.xyz
DFT functional              : B3LYP/G
Basis set                   : def2-SVPD
Initial basis set           : def2-SVPD
Grid                        : DefGrid3
SCF level                   : TightSCF
EV overlap threshold        : 1e-7
Imaginary frequency         : 0.16
Use Symmetry                : true

--------------------------------------------------------------------------------
                                 POLARIZABILITY                                 
--------------------------------------------------------------------------------
Polarizability calculation                        ... done (   75.8 sec)

Diagonalized polarizability tensor (bohr^3):
  a_xx =    83.76417    a_yy =   174.73440    a_zz =   216.92006

Diagonalized polarizability tensor (ang^3):
  a_xx =    12.41276    a_yy =    25.89337    a_zz =    32.14474

Isotropic polarizability:           23.483
Anisotropic polarizability:         17.466

-------------
DIPOLE MOMENT
-------------
                                X                 Y                 Z
Electronic contribution:     -0.000000000       0.000000000      -0.000000000
Nuclear contribution   :      0.000000000       0.000000000       0.000000000
                        -----------------------------------------
Total Dipole Moment    :      0.000000000       0.000000000      -0.000000000
                        -----------------------------------------
Magnitude (a.u.)       :      0.000000000
Magnitude (Debye)      :      0.000000000

                                          Detailed output:  POL_pyrene_p-005.out
--------------------------------------------------------------------------------
Program finished with exit code 0 at: (2025-08-15)  10:43:23
TOTAL RUN TIME: 0 days 0 hours 1 minutes 16 seconds 664 msec
