Starting run at: (2025-08-15)  10:54:16

To execute ORCA, run: 
   ${EBROOTORCA}/orca orca.inp > orca.out
--------------------------------------------------------------------------------
                                     INPUT                                      
--------------------------------------------------------------------------------
Slurm Job ID                : 1115125
Slurm Ntasks                : 10
XYZ file                    : pyrene.xyz
DFT functional              : B3LYP/G
Basis set                   : def2-SVPD
Initial basis set           : def2-SVPD
Grid                        : DefGrid3
SCF level                   : TightSCF
EV overlap threshold        : 1e-7
Imaginary frequency         : 0.01
Use Symmetry                : true

--------------------------------------------------------------------------------
                                 POLARIZABILITY                                 
--------------------------------------------------------------------------------
Polarizability calculation                        ... done (   60.9 sec)

Diagonalized polarizability tensor (bohr^3):
  a_xx =    90.38898    a_yy =   212.02859    a_zz =   294.06308

Diagonalized polarizability tensor (ang^3):
  a_xx =    13.39447    a_yy =    31.41989    a_zz =    43.57634

Isotropic polarizability:           29.463
Anisotropic polarizability:         26.302

-------------
DIPOLE MOMENT
-------------
                                X                 Y                 Z
Electronic contribution:     -0.000000000       0.000000000      -0.000000000
Nuclear contribution   :      0.000000000       0.000000000       0.000000000
                        -----------------------------------------
Total Dipole Moment    :      0.000000000       0.000000000      -0.000000000
                        -----------------------------------------
Magnitude (a.u.)       :      0.000000000
Magnitude (Debye)      :      0.000000000

                                          Detailed output:  POL_pyrene_p-001.out
--------------------------------------------------------------------------------
Program finished with exit code 0 at: (2025-08-15)  10:55:18
TOTAL RUN TIME: 0 days 0 hours 1 minutes 1 seconds 895 msec
