Starting run at: (2025-08-15)  10:51:13

To execute ORCA, run: 
   ${EBROOTORCA}/orca orca.inp > orca.out
--------------------------------------------------------------------------------
                                     INPUT                                      
--------------------------------------------------------------------------------
Slurm Job ID                : 1115134
Slurm Ntasks                : 30
XYZ file                    : C60-Ih.xyz
DFT functional              : B3LYP/G
Basis set                   : def2-SVPD
Initial basis set           : def2-SVPD
Grid                        : DefGrid3
SCF level                   : TightSCF
EV overlap threshold        : 1e-7
Imaginary frequency         : 0.02
Use Symmetry                : true

--------------------------------------------------------------------------------
                                 POLARIZABILITY                                 
--------------------------------------------------------------------------------
Polarizability calculation                        ... done (  877.7 sec)

Diagonalized polarizability tensor (bohr^3):
  a_xx =   547.80429    a_yy =   547.80434    a_zz =   547.80482

Diagonalized polarizability tensor (ang^3):
  a_xx =    81.17750    a_yy =    81.17750    a_zz =    81.17758

Isotropic polarizability:           81.177
Anisotropic polarizability:          0.000

-------------
DIPOLE MOMENT
-------------
                                X                 Y                 Z
Electronic contribution:     -0.000002923       0.000008912      -0.000005425
Nuclear contribution   :     -0.000000000       0.000000000       0.000000000
                        -----------------------------------------
Total Dipole Moment    :     -0.000002923       0.000008912      -0.000005425
                        -----------------------------------------
Magnitude (a.u.)       :      0.000010835
Magnitude (Debye)      :      0.000027541

                                          Detailed output:  POL_c60-Ih_p-002.out
--------------------------------------------------------------------------------
Program finished with exit code 0 at: (2025-08-15)  11:05:52
TOTAL RUN TIME: 0 days 0 hours 14 minutes 38 seconds 720 msec
