Starting run at: (2025-08-15)  10:42:05

To execute ORCA, run: 
   ${EBROOTORCA}/orca orca.inp > orca.out
--------------------------------------------------------------------------------
                                     INPUT                                      
--------------------------------------------------------------------------------
Slurm Job ID                : 1115072
Slurm Ntasks                : 10
XYZ file                    : pyrene.xyz
DFT functional              : B3LYP/G
Basis set                   : def2-SVPD
Initial basis set           : def2-SVPD
Grid                        : DefGrid3
SCF level                   : TightSCF
EV overlap threshold        : 1e-7
Imaginary frequency         : 1.28
Use Symmetry                : true

--------------------------------------------------------------------------------
                                 POLARIZABILITY                                 
--------------------------------------------------------------------------------
Polarizability calculation                        ... done (   54.9 sec)

Diagonalized polarizability tensor (bohr^3):
  a_xx =    23.08312    a_yy =    30.13833    a_zz =    30.93236

Diagonalized polarizability tensor (ang^3):
  a_xx =     3.42061    a_yy =     4.46610    a_zz =     4.58377

Isotropic polarizability:            4.156
Anisotropic polarizability:          1.108

-------------
DIPOLE MOMENT
-------------
                                X                 Y                 Z
Electronic contribution:     -0.000000000       0.000000000      -0.000000000
Nuclear contribution   :      0.000000000       0.000000000       0.000000000
                        -----------------------------------------
Total Dipole Moment    :      0.000000000       0.000000000      -0.000000000
                        -----------------------------------------
Magnitude (a.u.)       :      0.000000000
Magnitude (Debye)      :      0.000000000

                                          Detailed output:  POL_pyrene_p-008.out
--------------------------------------------------------------------------------
Program finished with exit code 0 at: (2025-08-15)  10:43:01
TOTAL RUN TIME: 0 days 0 hours 0 minutes 56 seconds 101 msec
