Starting run at: (2025-08-15)  10:42:08

To execute ORCA, run: 
   ${EBROOTORCA}/orca orca.inp > orca.out
--------------------------------------------------------------------------------
                                     INPUT                                      
--------------------------------------------------------------------------------
Slurm Job ID                : 1115070
Slurm Ntasks                : 10
XYZ file                    : pyrene.xyz
DFT functional              : B3LYP/G
Basis set                   : def2-SVPD
Initial basis set           : def2-SVPD
Grid                        : DefGrid3
SCF level                   : TightSCF
EV overlap threshold        : 1e-7
Imaginary frequency         : 0.32
Use Symmetry                : true

--------------------------------------------------------------------------------
                                 POLARIZABILITY                                 
--------------------------------------------------------------------------------
Polarizability calculation                        ... done (   63.2 sec)

Diagonalized polarizability tensor (bohr^3):
  a_xx =    70.44493    a_yy =   128.37690    a_zz =   145.46417

Diagonalized polarizability tensor (ang^3):
  a_xx =    10.43902    a_yy =    19.02379    a_zz =    21.55590

Isotropic polarizability:           17.006
Anisotropic polarizability:         10.091

-------------
DIPOLE MOMENT
-------------
                                X                 Y                 Z
Electronic contribution:     -0.000000000       0.000000000      -0.000000000
Nuclear contribution   :      0.000000000       0.000000000       0.000000000
                        -----------------------------------------
Total Dipole Moment    :      0.000000000       0.000000000      -0.000000000
                        -----------------------------------------
Magnitude (a.u.)       :      0.000000000
Magnitude (Debye)      :      0.000000000

                                          Detailed output:  POL_pyrene_p-006.out
--------------------------------------------------------------------------------
Program finished with exit code 0 at: (2025-08-15)  10:43:12
TOTAL RUN TIME: 0 days 0 hours 1 minutes 4 seconds 104 msec
