Starting run at: (2023-02-07)  13:57:06


Lmod a automatiquement remplacé "intel/2020.1.217" par "gcc/10.3.0"


Dû à un changement dans la variable MODULEPATH, les modules suivants ont été rechargés :
  1) blis/0.8.1     2) flexiblas/3.0.4

Les modules suivants ont été rechargés avec un changement de version :
  1) gcccore/.9.3.0 => gcccore/.10.3.0        3) openmpi/4.0.3 => openmpi/4.1.1
  2) libfabric/1.10.1 => libfabric/1.12.1     4) ucx/1.8.0 => ucx/1.9.0

To execute ORCA, run: 
   ${EBROOTORCA}/orca orca.inp > orca.out
--------------------------------------------------------------------------------
                                     INPUT                                      
--------------------------------------------------------------------------------
Slurm Job ID                : 13573621
Slurm Ntasks                : 64
XYZ file                    : OPT_C16H10.xyz
DFT functional              : B3LYP/G
Initial basis               : def2-SVP
Basis                       : def2-SVPD
Grid                        : DefGrid3

--------------------------------------------------------------------------------
                                 SYMMETRIZATION                                 
--------------------------------------------------------------------------------
Symmetrization of the structure                   ... done (   66.1 sec)

This point group has been found:    D2h
Largest non-degenerate subgroup:    D2h

                                          Detailed output:  SYM_C16H10_m.out
--------------------------------------------------------------------------------
                             GEOMETRY OPTIMIZATION                              
--------------------------------------------------------------------------------
Geometry optimization                             ... done (  695.0 sec)

Reading the input file OPT_C16H10_m.gbw               ... done
Writing the output file OPT_C16H10_m.molden.input     ... done

HOMO= -5.5800 eV     LUMO= -1.7699 eV     gap= 3.8101 eV

Total Energy       :         -615.33631640 Eh          -16744.15243 eV

Components:
Nuclear Repulsion  :          963.46539226 Eh           26217.22618 eV
Electronic Energy  :        -1578.80170866 Eh          -42961.37861 eV
One Electron Energy:        -2741.55457757 Eh          -74601.49272 eV
Two Electron Energy:         1162.75286891 Eh           31640.11412 eV
Max COSX asymmetry :            0.00000046 Eh               0.00001 eV

Virial components:
Potential Energy   :        -1223.62472154 Eh          -33296.52144 eV
Kinetic Energy     :          608.28840514 Eh           16552.36901 eV
Virial Ratio       :            2.01158646


DFT components:
N(Alpha)           :       53.000008911706 electrons
N(Beta)            :       53.000008911706 electrons
N(Total)           :      106.000017823411 electrons
E(X)               :      -68.590198514673 Eh       
E(C)               :       -4.603219847470 Eh       
E(XC)              :      -73.193418362143 Eh       
DFET-embed. en.    :        0.000000000000 Eh       

                                          Detailed output:  OPT_C16H10_m.out
--------------------------------------------------------------------------------
                               IONIZATION ENERGY                                
--------------------------------------------------------------------------------
Ionization energy calculation                     ... done (  413.5 sec)

Ionization energy:                 7.16072 eV

                                          Detailed output:  IO_C16H10_m.out
--------------------------------------------------------------------------------
                                 POLARIZABILITY                                 
--------------------------------------------------------------------------------
Polarizability calculation                        ... done ( 1180.8 sec)

Diagonalized polarizability tensor (bohr^3):
  a_xx =   90.41684    a_yy =  212.24038    a_zz =  294.60058

Diagonalized polarizability tensor (ang^3):
  a_xx =   13.39860    a_yy =   31.45127    a_zz =   43.65599

Average polarizability:             29.501
Anisotropic polarizability:         26.366

-------------
DIPOLE MOMENT
-------------
                                X             Y             Z
Electronic contribution:      0.00000       0.00000      -0.00000
Nuclear contribution   :     -0.00000      -0.00000      -0.00000
                        -----------------------------------------
Total Dipole Moment    :      0.00000       0.00000      -0.00000
                        -----------------------------------------
Magnitude (a.u.)       :      0.00000
Magnitude (Debye)      :      0.00001

                                          Detailed output:  POL_C16H10_m.out
--------------------------------------------------------------------------------
Program finished with exit code 0 at: (2023-02-07)  14:36:24
TOTAL RUN TIME: 0 days 0 hours 39 minutes 17 seconds 933 msec
