Starting run at: (2025-08-15)  10:51:13

To execute ORCA, run: 
   ${EBROOTORCA}/orca orca.inp > orca.out
--------------------------------------------------------------------------------
                                     INPUT                                      
--------------------------------------------------------------------------------
Slurm Job ID                : 1115140
Slurm Ntasks                : 30
XYZ file                    : C60-Ih.xyz
DFT functional              : B3LYP/G
Basis set                   : def2-SVPD
Initial basis set           : def2-SVPD
Grid                        : DefGrid3
SCF level                   : TightSCF
EV overlap threshold        : 1e-7
Imaginary frequency         : 1.28
Use Symmetry                : true

--------------------------------------------------------------------------------
                                 POLARIZABILITY                                 
--------------------------------------------------------------------------------
Polarizability calculation                        ... done (  372.7 sec)

Diagonalized polarizability tensor (bohr^3):
  a_xx =    88.07195    a_yy =    88.07203    a_zz =    88.07211

Diagonalized polarizability tensor (ang^3):
  a_xx =    13.05112    a_yy =    13.05113    a_zz =    13.05114

Isotropic polarizability:           13.051
Anisotropic polarizability:          0.000

-------------
DIPOLE MOMENT
-------------
                                X                 Y                 Z
Electronic contribution:     -0.000002923       0.000008912      -0.000005425
Nuclear contribution   :     -0.000000000       0.000000000       0.000000000
                        -----------------------------------------
Total Dipole Moment    :     -0.000002923       0.000008912      -0.000005425
                        -----------------------------------------
Magnitude (a.u.)       :      0.000010835
Magnitude (Debye)      :      0.000027541

                                          Detailed output:  POL_c60-Ih_p-008.out
--------------------------------------------------------------------------------
Program finished with exit code 0 at: (2025-08-15)  10:57:27
TOTAL RUN TIME: 0 days 0 hours 6 minutes 13 seconds 747 msec
