Starting run at: (2025-08-15)  10:54:16

To execute ORCA, run: 
   ${EBROOTORCA}/orca orca.inp > orca.out
--------------------------------------------------------------------------------
                                     INPUT                                      
--------------------------------------------------------------------------------
Slurm Job ID                : 1115153
Slurm Ntasks                : 30
XYZ file                    : C60-Ih.xyz
DFT functional              : B3LYP/G
Basis set                   : def2-SVPD
Initial basis set           : def2-SVPD
Grid                        : DefGrid3
SCF level                   : TightSCF
EV overlap threshold        : 1e-7
Imaginary frequency         : 10.24
Use Symmetry                : true

--------------------------------------------------------------------------------
                                 POLARIZABILITY                                 
--------------------------------------------------------------------------------
Polarizability calculation                        ... done (  375.7 sec)

Diagonalized polarizability tensor (bohr^3):
  a_xx =     2.40083    a_yy =     2.40084    a_zz =     2.40084

Diagonalized polarizability tensor (ang^3):
  a_xx =     0.35577    a_yy =     0.35577    a_zz =     0.35577

Isotropic polarizability:            0.355
Anisotropic polarizability:          0.000

-------------
DIPOLE MOMENT
-------------
                                X                 Y                 Z
Electronic contribution:     -0.000002923       0.000008912      -0.000005425
Nuclear contribution   :     -0.000000000       0.000000000       0.000000000
                        -----------------------------------------
Total Dipole Moment    :     -0.000002923       0.000008912      -0.000005425
                        -----------------------------------------
Magnitude (a.u.)       :      0.000010835
Magnitude (Debye)      :      0.000027541

                                          Detailed output:  POL_c60-Ih_p-011.out
--------------------------------------------------------------------------------
Program finished with exit code 0 at: (2025-08-15)  11:00:33
TOTAL RUN TIME: 0 days 0 hours 6 minutes 16 seconds 768 msec
