Mode  7:  159.016 : 0.5 E2'
Mode  8:  159.016 : 0.5 E2'
Mode  9:  230.740 : 0.5 E1''
Mode 10:  230.740 : 0.5 E1''
Mode 11:  250.445 : 0.5 E2'
Mode 12:  250.445 : 0.5 E2'
Mode 13:  250.529 : 0.5 E1'
Mode 14:  250.529 : 0.5 E1'
Mode 15:  254.072 : A1'
Mode 16:  255.347 : A1''
Mode 17:  264.661 : 0.5 E2''
Mode 18:  264.661 : 0.5 E2''
Mode 19:  304.890 : A2''
Mode 20:  336.599 : 0.5 E1'
Mode 21:  336.599 : 0.5 E1'
Mode 22:  337.625 : 0.5 E2''
Mode 23:  337.625 : 0.5 E2''
Mode 24:  340.075 : A1'
Mode 25:  351.071 : 0.5 E2'
Mode 26:  351.071 : 0.5 E2'
Mode 27:  360.730 : 0.5 E1''
Mode 28:  360.730 : 0.5 E1''
Mode 29:  378.891 : 0.5 E1'
Mode 30:  378.891 : 0.5 E1'
Mode 31:  396.677 : 0.5 E2''
Mode 32:  396.677 : 0.5 E2''
Mode 33:  401.193 : A1'
Mode 34:  410.984 : A2''
Mode 35:  424.884 : 0.5 E1'
Mode 36:  424.884 : 0.5 E1'
Mode 37:  425.173 : 0.5 E2'
Mode 38:  425.173 : 0.5 E2'
Mode 39:  429.492 : 0.5 E1''
Mode 40:  429.492 : 0.5 E1''
Mode 41:  457.364 : A2'
Mode 42:  457.774 : 0.5 E2''
Mode 43:  457.774 : 0.5 E2''
Mode 44:  458.577 : 0.5 E1''
Mode 45:  458.577 : 0.5 E1''
Mode 46:  469.931 : A2'
Mode 47:  473.575 : A1'
Mode 48:  490.993 : 0.5 E2'
Mode 49:  490.993 : 0.5 E2'
Mode 50:  495.658 : A1''
Mode 51:  497.828 : 0.5 E1'
Mode 52:  497.828 : 0.5 E1'
Mode 53:  506.735 : 0.5 E1''
Mode 54:  506.735 : 0.5 E1''
Mode 55:  512.389 : 0.5 E2''
Mode 56:  512.389 : 0.5 E2''
Mode 57:  514.245 : 0.5 E1'
Mode 58:  514.245 : 0.5 E1'
Mode 59:  539.166 : 0.5 E2'
Mode 60:  539.166 : 0.5 E2'
Mode 61:  540.579 : A2''
Mode 62:  549.932 : A2''
Mode 63:  550.238 : 0.5 E1'
Mode 64:  550.238 : 0.5 E1'
Mode 65:  552.298 : A2'
Mode 66:  556.739 : 0.5 E2''
Mode 67:  556.739 : 0.5 E2''
Mode 68:  568.164 : 0.5 E1''
Mode 69:  568.164 : 0.5 E1''
Mode 70:  575.682 : A1''
Mode 71:  580.312 : 0.5 E1'
Mode 72:  580.312 : 0.5 E1'
Mode 73:  587.082 : 0.5 E2''
Mode 74:  587.082 : 0.5 E2''
Mode 75:  627.382 : A1'
Mode 76:  636.245 : A1'
Mode 77:  637.891 : 0.5 E1''
Mode 78:  637.891 : 0.5 E1''
Mode 79:  642.409 : 0.5 E2'
Mode 80:  642.409 : 0.5 E2'
Mode 81:  648.736 : A1''
Mode 82:  657.739 : A2'
Mode 83:  666.762 : 0.5 E2'
Mode 84:  666.762 : 0.5 E2'
Mode 85:  673.002 : 0.5 E1''
Mode 86:  673.002 : 0.5 E1''
Mode 87:  679.398 : 0.5 E1''
Mode 88:  679.398 : 0.5 E1''
Mode 89:  683.257 : 0.5 E1'
Mode 90:  683.257 : 0.5 E1'
Mode 91:  692.957 : 0.5 E2''
Mode 92:  692.957 : 0.5 E2''
Mode 93:  703.239 : 0.5 E1''
Mode 94:  703.239 : 0.5 E1''
Mode 95:  705.943 : 0.5 E2'
Mode 96:  705.943 : 0.5 E2'
Mode 97:  712.460 : 0.5 E2''
Mode 98:  712.460 : 0.5 E2''
Mode 99:  714.031 : A2'
Mode 100:  716.343 : 0.5 E2'
Mode 101:  716.343 : 0.5 E2'
Mode 102:  717.717 : 0.5 E1'
Mode 103:  717.717 : 0.5 E1'
Mode 104:  725.876 : A2''
Mode 105:  726.241 : A1''
Mode 106:  727.141 : A1'
Mode 107:  730.583 : 0.5 E2'
Mode 108:  730.583 : 0.5 E2'
Mode 109:  730.642 : 0.5 E2''
Mode 110:  730.642 : 0.5 E2''
Mode 111:  735.929 : 0.5 E2'
Mode 112:  735.929 : 0.5 E2'
Mode 113:  743.827 : 0.5 E2''
Mode 114:  743.827 : 0.5 E2''
Mode 115:  744.944 : 0.5 E1'
Mode 116:  744.944 : 0.5 E1'
Mode 117:  746.877 : 0.5 E1''
Mode 118:  746.877 : 0.5 E1''
Mode 119:  752.946 : A1''
Mode 120:  759.731 : 0.5 E2''
Mode 121:  759.731 : 0.5 E2''
Mode 122:  761.896 : 0.5 E2'
Mode 123:  761.896 : 0.5 E2'
Mode 124:  763.752 : 0.5 E1''
Mode 125:  763.752 : 0.5 E1''
Mode 126:  769.405 : A2'
Mode 127:  772.233 : 0.5 E1'
Mode 128:  772.233 : 0.5 E1'
Mode 129:  779.973 : 0.5 E1'
Mode 130:  779.973 : 0.5 E1'
Mode 131:  786.084 : 0.5 E2''
Mode 132:  786.084 : 0.5 E2''
Mode 133:  787.494 : A1''
Mode 134:  789.032 : 0.5 E2'
Mode 135:  789.032 : 0.5 E2'
Mode 136:  798.993 : 0.5 E2'
Mode 137:  798.993 : 0.5 E2'
Mode 138:  806.668 : A2''
Mode 139:  822.771 : 0.5 E1'
Mode 140:  822.771 : 0.5 E1'
Mode 141:  842.209 : 0.5 E1'
Mode 142:  842.209 : 0.5 E1'
Mode 143:  863.641 : 0.5 E2''
Mode 144:  863.641 : 0.5 E2''
Mode 145:  869.774 : 0.5 E1''
Mode 146:  869.774 : 0.5 E1''
Mode 147:  892.741 : A2'
Mode 148:  900.906 : A2'
Mode 149:  936.532 : 0.5 E2'
Mode 150:  936.532 : 0.5 E2'
Mode 151:  970.820 : A1'
Mode 152:  973.550 : 0.5 E1''
Mode 153:  973.550 : 0.5 E1''
Mode 154:  977.668 : A1''
Mode 155: 1005.609 : 0.5 E2'
Mode 156: 1005.609 : 0.5 E2'
Mode 157: 1029.084 : 0.5 E2''
Mode 158: 1029.084 : 0.5 E2''
Mode 159: 1081.851 : A2''
Mode 160: 1106.703 : 0.5 E1'
Mode 161: 1106.703 : 0.5 E1'
Mode 162: 1111.371 : 0.5 E1'
Mode 163: 1111.371 : 0.5 E1'
Mode 164: 1112.994 : 0.5 E2''
Mode 165: 1112.994 : 0.5 E2''
Mode 166: 1133.346 : 0.5 E1''
Mode 167: 1133.346 : 0.5 E1''
Mode 168: 1145.795 : 0.5 E2'
Mode 169: 1145.795 : 0.5 E2'
Mode 170: 1161.294 : A1'
Mode 171: 1191.329 : A2''
Mode 172: 1191.566 : 0.5 E1''
Mode 173: 1191.566 : 0.5 E1''
Mode 174: 1203.279 : 0.5 E2'
Mode 175: 1203.279 : 0.5 E2'
Mode 176: 1234.121 : 0.5 E1'
Mode 177: 1234.121 : 0.5 E1'
Mode 178: 1234.555 : A2''
Mode 179: 1234.658 : 0.5 E2''
Mode 180: 1234.658 : 0.5 E2''
Mode 181: 1247.689 : A1'
Mode 182: 1252.902 : A1''
Mode 183: 1253.893 : 0.5 E1'
Mode 184: 1253.893 : 0.5 E1'
Mode 185: 1261.099 : A2'
Mode 186: 1271.687 : A1'
Mode 187: 1284.027 : 0.5 E2''
Mode 188: 1284.027 : 0.5 E2''
Mode 189: 1295.397 : 0.5 E1''
Mode 190: 1295.397 : 0.5 E1''
Mode 191: 1296.626 : 0.5 E1''
Mode 192: 1296.626 : 0.5 E1''
Mode 193: 1301.239 : 0.5 E2'
Mode 194: 1301.239 : 0.5 E2'
Mode 195: 1318.951 : A2'
Mode 196: 1327.134 : 0.5 E1''
Mode 197: 1327.134 : 0.5 E1''
Mode 198: 1330.457 : 0.5 E2'
Mode 199: 1330.457 : 0.5 E2'
Mode 200: 1336.995 : 0.5 E1'
Mode 201: 1336.995 : 0.5 E1'
Mode 202: 1342.761 : 0.5 E2''
Mode 203: 1342.761 : 0.5 E2''
Mode 204: 1347.531 : 0.5 E1'
Mode 205: 1347.531 : 0.5 E1'
Mode 206: 1361.562 : A2''
Mode 207: 1362.561 : 0.5 E2'
Mode 208: 1362.561 : 0.5 E2'
Mode 209: 1365.126 : A1'
Mode 210: 1374.724 : A1''
Mode 211: 1377.369 : 0.5 E1'
Mode 212: 1377.369 : 0.5 E1'
Mode 213: 1377.913 : 0.5 E2''
Mode 214: 1377.913 : 0.5 E2''
Mode 215: 1388.840 : A2'
Mode 216: 1394.614 : 0.5 E2''
Mode 217: 1394.614 : 0.5 E2''
Mode 218: 1398.088 : 0.5 E1''
Mode 219: 1398.088 : 0.5 E1''
Mode 220: 1400.085 : 0.5 E1'
Mode 221: 1400.085 : 0.5 E1'
Mode 222: 1421.271 : 0.5 E2'
Mode 223: 1421.271 : 0.5 E2'
Mode 224: 1436.556 : 0.5 E1''
Mode 225: 1436.556 : 0.5 E1''
Mode 226: 1445.284 : 0.5 E2''
Mode 227: 1445.284 : 0.5 E2''
Mode 228: 1446.938 : 0.5 E2'
Mode 229: 1446.938 : 0.5 E2'
Mode 230: 1460.982 : A2''
Mode 231: 1472.215 : A1''
Mode 232: 1478.128 : 0.5 E1'
Mode 233: 1478.128 : 0.5 E1'
Mode 234: 1478.541 : 0.5 E1''
Mode 235: 1478.541 : 0.5 E1''
Mode 236: 1486.324 : 0.5 E2''
Mode 237: 1486.324 : 0.5 E2''
Mode 238: 1489.074 : 0.5 E2'
Mode 239: 1489.074 : 0.5 E2'
Mode 240: 1490.726 : A1'
Mode 241: 1492.323 : 0.5 E1''
Mode 242: 1492.323 : 0.5 E1''
Mode 243: 1503.344 : A2''
Mode 244: 1504.431 : 0.5 E1'
Mode 245: 1504.431 : 0.5 E1'
Mode 246: 1516.205 : 0.5 E2''
Mode 247: 1516.205 : 0.5 E2''
Mode 248: 1529.589 : A1'
Mode 249: 1561.234 : 0.5 E2'
Mode 250: 1561.234 : 0.5 E2'
Mode 251: 1568.399 : 0.5 E2''
Mode 252: 1568.399 : 0.5 E2''
Mode 253: 1570.402 : 0.5 E1''
Mode 254: 1570.402 : 0.5 E1''
Mode 255: 1600.261 : 0.5 E2'
Mode 256: 1600.261 : 0.5 E2'
Mode 257: 1609.809 : A2''
Mode 258: 1611.106 : 0.5 E1'
Mode 259: 1611.106 : 0.5 E1'
Mode 260: 1621.348 : A1''
Mode 261: 1621.548 : A2'
Mode 262: 1622.370 : 0.5 E2'
Mode 263: 1622.370 : 0.5 E2'
Mode 264: 1622.489 : 0.5 E2''
Mode 265: 1622.489 : 0.5 E2''
Mode 266: 1625.477 : 0.5 E1'
Mode 267: 1625.477 : 0.5 E1'
Mode 268: 1626.580 : A1'
Mode 269: 1627.948 : 0.5 E1''
Mode 270: 1627.948 : 0.5 E1''
Total symmetry:  15 A1' + 12 A1'' + 12 A2' + 13 A2'' + 27 E1' + 25 E1'' + 28 E2' + 26 E2''
