Starting run at: (2025-08-15)  10:51:13

To execute ORCA, run: 
   ${EBROOTORCA}/orca orca.inp > orca.out
--------------------------------------------------------------------------------
                                     INPUT                                      
--------------------------------------------------------------------------------
Slurm Job ID                : 1115133
Slurm Ntasks                : 30
XYZ file                    : C60-Ih.xyz
DFT functional              : B3LYP/G
Basis set                   : def2-SVPD
Initial basis set           : def2-SVPD
Grid                        : DefGrid3
SCF level                   : TightSCF
EV overlap threshold        : 1e-7
Imaginary frequency         : 0.01
Use Symmetry                : true

--------------------------------------------------------------------------------
                                 POLARIZABILITY                                 
--------------------------------------------------------------------------------
Polarizability calculation                        ... done (  412.2 sec)

Diagonalized polarizability tensor (bohr^3):
  a_xx =   549.71505    a_yy =   549.71510    a_zz =   549.71558

Diagonalized polarizability tensor (ang^3):
  a_xx =    81.46065    a_yy =    81.46065    a_zz =    81.46073

Isotropic polarizability:           81.460
Anisotropic polarizability:          0.000

-------------
DIPOLE MOMENT
-------------
                                X                 Y                 Z
Electronic contribution:     -0.000002923       0.000008912      -0.000005425
Nuclear contribution   :     -0.000000000       0.000000000       0.000000000
                        -----------------------------------------
Total Dipole Moment    :     -0.000002923       0.000008912      -0.000005425
                        -----------------------------------------
Magnitude (a.u.)       :      0.000010835
Magnitude (Debye)      :      0.000027541

                                          Detailed output:  POL_c60-Ih_p-001.out
--------------------------------------------------------------------------------
Program finished with exit code 0 at: (2025-08-15)  10:58:06
TOTAL RUN TIME: 0 days 0 hours 6 minutes 53 seconds 242 msec
