Starting run at: (2025-08-15)  10:51:14

To execute ORCA, run: 
   ${EBROOTORCA}/orca orca.inp > orca.out
--------------------------------------------------------------------------------
                                     INPUT                                      
--------------------------------------------------------------------------------
Slurm Job ID                : 1115138
Slurm Ntasks                : 30
XYZ file                    : C60-Ih.xyz
DFT functional              : B3LYP/G
Basis set                   : def2-SVPD
Initial basis set           : def2-SVPD
Grid                        : DefGrid3
SCF level                   : TightSCF
EV overlap threshold        : 1e-7
Imaginary frequency         : 0.32
Use Symmetry                : true

--------------------------------------------------------------------------------
                                 POLARIZABILITY                                 
--------------------------------------------------------------------------------
Polarizability calculation                        ... done ( 3306.8 sec)

Diagonalized polarizability tensor (bohr^3):
  a_xx =   331.76048    a_yy =   331.76112    a_zz =   331.76138

Diagonalized polarizability tensor (ang^3):
  a_xx =    49.16260    a_yy =    49.16270    a_zz =    49.16273

Isotropic polarizability:           49.162
Anisotropic polarizability:          0.000

-------------
DIPOLE MOMENT
-------------
                                X                 Y                 Z
Electronic contribution:     -0.000002923       0.000008912      -0.000005425
Nuclear contribution   :     -0.000000000       0.000000000       0.000000000
                        -----------------------------------------
Total Dipole Moment    :     -0.000002923       0.000008912      -0.000005425
                        -----------------------------------------
Magnitude (a.u.)       :      0.000010835
Magnitude (Debye)      :      0.000027541

                                          Detailed output:  POL_c60-Ih_p-006.out
--------------------------------------------------------------------------------
Program finished with exit code 0 at: (2025-08-15)  11:46:22
TOTAL RUN TIME: 0 days 0 hours 55 minutes 7 seconds 832 msec
