Starting run at: (2025-08-15)  10:42:05

To execute ORCA, run: 
   ${EBROOTORCA}/orca orca.inp > orca.out
--------------------------------------------------------------------------------
                                     INPUT                                      
--------------------------------------------------------------------------------
Slurm Job ID                : 1115071
Slurm Ntasks                : 10
XYZ file                    : pyrene.xyz
DFT functional              : B3LYP/G
Basis set                   : def2-SVPD
Initial basis set           : def2-SVPD
Grid                        : DefGrid3
SCF level                   : TightSCF
EV overlap threshold        : 1e-7
Imaginary frequency         : 0.64
Use Symmetry                : true

--------------------------------------------------------------------------------
                                 POLARIZABILITY                                 
--------------------------------------------------------------------------------
Polarizability calculation                        ... done (   77.4 sec)

Diagonalized polarizability tensor (bohr^3):
  a_xx =    46.89312    a_yy =    72.90612    a_zz =    77.42626

Diagonalized polarizability tensor (ang^3):
  a_xx =     6.94895    a_yy =    10.80374    a_zz =    11.47356

Isotropic polarizability:            9.742
Anisotropic polarizability:          4.229

-------------
DIPOLE MOMENT
-------------
                                X                 Y                 Z
Electronic contribution:     -0.000000000       0.000000000      -0.000000000
Nuclear contribution   :      0.000000000       0.000000000       0.000000000
                        -----------------------------------------
Total Dipole Moment    :      0.000000000       0.000000000      -0.000000000
                        -----------------------------------------
Magnitude (a.u.)       :      0.000000000
Magnitude (Debye)      :      0.000000000

                                          Detailed output:  POL_pyrene_p-007.out
--------------------------------------------------------------------------------
Program finished with exit code 0 at: (2025-08-15)  10:43:23
TOTAL RUN TIME: 0 days 0 hours 1 minutes 18 seconds 360 msec
