Starting run at: (2025-08-15)  10:51:17

To execute ORCA, run: 
   ${EBROOTORCA}/orca orca.inp > orca.out
--------------------------------------------------------------------------------
                                     INPUT                                      
--------------------------------------------------------------------------------
Slurm Job ID                : 1115136
Slurm Ntasks                : 30
XYZ file                    : C60-Ih.xyz
DFT functional              : B3LYP/G
Basis set                   : def2-SVPD
Initial basis set           : def2-SVPD
Grid                        : DefGrid3
SCF level                   : TightSCF
EV overlap threshold        : 1e-7
Imaginary frequency         : 0.08
Use Symmetry                : true

--------------------------------------------------------------------------------
                                 POLARIZABILITY                                 
--------------------------------------------------------------------------------
Polarizability calculation                        ... done (  386.0 sec)

Diagonalized polarizability tensor (bohr^3):
  a_xx =   514.90814    a_yy =   514.90843    a_zz =   514.90875

Diagonalized polarizability tensor (ang^3):
  a_xx =    76.30271    a_yy =    76.30276    a_zz =    76.30280

Isotropic polarizability:           76.302
Anisotropic polarizability:          0.000

-------------
DIPOLE MOMENT
-------------
                                X                 Y                 Z
Electronic contribution:     -0.000002923       0.000008912      -0.000005425
Nuclear contribution   :     -0.000000000       0.000000000       0.000000000
                        -----------------------------------------
Total Dipole Moment    :     -0.000002923       0.000008912      -0.000005425
                        -----------------------------------------
Magnitude (a.u.)       :      0.000010835
Magnitude (Debye)      :      0.000027541

                                          Detailed output:  POL_c60-Ih_p-004.out
--------------------------------------------------------------------------------
Program finished with exit code 0 at: (2025-08-15)  10:57:44
TOTAL RUN TIME: 0 days 0 hours 6 minutes 26 seconds 974 msec
