Starting run at: (2025-08-15)  10:45:14

To execute ORCA, run: 
   ${EBROOTORCA}/orca orca.inp > orca.out
--------------------------------------------------------------------------------
                                     INPUT                                      
--------------------------------------------------------------------------------
Slurm Job ID                : 1115099
Slurm Ntasks                : 10
XYZ file                    : pyrene.xyz
DFT functional              : B3LYP/G
Basis set                   : def2-SVPD
Initial basis set           : def2-SVPD
Grid                        : DefGrid3
SCF level                   : TightSCF
EV overlap threshold        : 1e-7
Imaginary frequency         : 10.24
Use Symmetry                : true

--------------------------------------------------------------------------------
                                 POLARIZABILITY                                 
--------------------------------------------------------------------------------
Polarizability calculation                        ... done (   48.6 sec)

Diagonalized polarizability tensor (bohr^3):
  a_xx =     0.72995    a_yy =     0.73888    a_zz =     0.73939

Diagonalized polarizability tensor (ang^3):
  a_xx =     0.10816    a_yy =     0.10949    a_zz =     0.10956

Isotropic polarizability:            0.109
Anisotropic polarizability:          0.000

-------------
DIPOLE MOMENT
-------------
                                X                 Y                 Z
Electronic contribution:     -0.000000000       0.000000000      -0.000000000
Nuclear contribution   :      0.000000000       0.000000000       0.000000000
                        -----------------------------------------
Total Dipole Moment    :      0.000000000       0.000000000      -0.000000000
                        -----------------------------------------
Magnitude (a.u.)       :      0.000000000
Magnitude (Debye)      :      0.000000000

                                          Detailed output:  POL_pyrene_p-011.out
--------------------------------------------------------------------------------
Program finished with exit code 0 at: (2025-08-15)  10:46:03
TOTAL RUN TIME: 0 days 0 hours 0 minutes 49 seconds 591 msec
