Starting run at: (2025-08-15)  10:51:15

To execute ORCA, run: 
   ${EBROOTORCA}/orca orca.inp > orca.out
--------------------------------------------------------------------------------
                                     INPUT                                      
--------------------------------------------------------------------------------
Slurm Job ID                : 1115141
Slurm Ntasks                : 30
XYZ file                    : C60-Ih.xyz
DFT functional              : B3LYP/G
Basis set                   : def2-SVPD
Initial basis set           : def2-SVPD
Grid                        : DefGrid3
SCF level                   : TightSCF
EV overlap threshold        : 1e-7
Imaginary frequency         : 2.56
Use Symmetry                : true

--------------------------------------------------------------------------------
                                 POLARIZABILITY                                 
--------------------------------------------------------------------------------
Polarizability calculation                        ... done ( 2621.1 sec)

Diagonalized polarizability tensor (bohr^3):
  a_xx =    30.08896    a_yy =    30.08899    a_zz =    30.08902

Diagonalized polarizability tensor (ang^3):
  a_xx =     4.45879    a_yy =     4.45879    a_zz =     4.45880

Isotropic polarizability:            4.458
Anisotropic polarizability:          0.000

-------------
DIPOLE MOMENT
-------------
                                X                 Y                 Z
Electronic contribution:     -0.000002923       0.000008912      -0.000005425
Nuclear contribution   :     -0.000000000       0.000000000       0.000000000
                        -----------------------------------------
Total Dipole Moment    :     -0.000002923       0.000008912      -0.000005425
                        -----------------------------------------
Magnitude (a.u.)       :      0.000010835
Magnitude (Debye)      :      0.000027541

                                          Detailed output:  POL_c60-Ih_p-009.out
--------------------------------------------------------------------------------
Program finished with exit code 0 at: (2025-08-15)  11:34:57
TOTAL RUN TIME: 0 days 0 hours 43 minutes 42 seconds 066 msec
